ERROR - 2022-11-07 03:55:25 --> mysqli_sql_exception: Column 'nama_barang' cannot be null in D:\RYZ-PROJECT\CI4\web-kp\vendor\codeigniter4\framework\system\Database\MySQLi\Connection.php:292
Stack trace:
#0 D:\RYZ-PROJECT\CI4\web-kp\vendor\codeigniter4\framework\system\Database\MySQLi\Connection.php(292): mysqli->query('INSERT INTO `ba...', 0)
#1 D:\RYZ-PROJECT\CI4\web-kp\vendor\codeigniter4\framework\system\Database\BaseConnection.php(666): CodeIgniter\Database\MySQLi\Connection->execute('INSERT INTO `ba...')
#2 D:\RYZ-PROJECT\CI4\web-kp\vendor\codeigniter4\framework\system\Database\BaseConnection.php(593): CodeIgniter\Database\BaseConnection->simpleQuery('INSERT INTO `ba...')
#3 D:\RYZ-PROJECT\CI4\web-kp\vendor\codeigniter4\framework\system\Database\BaseBuilder.php(1916): CodeIgniter\Database\BaseConnection->query('INSERT INTO `ba...', Array, false)
#4 D:\RYZ-PROJECT\CI4\web-kp\vendor\codeigniter4\framework\system\Model.php(279): CodeIgniter\Database\BaseBuilder->insert()
#5 D:\RYZ-PROJECT\CI4\web-kp\vendor\codeigniter4\framework\system\BaseModel.php(749): CodeIgniter\Model->doInsert(Array)
#6 D:\RYZ-PROJECT\CI4\web-kp\vendor\codeigniter4\framework\system\Model.php(667): CodeIgniter\BaseModel->insert(Array, true)
#7 D:\RYZ-PROJECT\CI4\web-kp\app\Controllers\Barang\BarangController.php(47): CodeIgniter\Model->insert(Array)
#8 D:\RYZ-PROJECT\CI4\web-kp\vendor\codeigniter4\framework\system\CodeIgniter.php(927): App\Controllers\Barang\BarangController->add()
#9 D:\RYZ-PROJECT\CI4\web-kp\vendor\codeigniter4\framework\system\CodeIgniter.php(482): CodeIgniter\CodeIgniter->runController(Object(App\Controllers\Barang\BarangController))
#10 D:\RYZ-PROJECT\CI4\web-kp\vendor\codeigniter4\framework\system\CodeIgniter.php(351): CodeIgniter\CodeIgniter->handleRequest(NULL, Object(Config\Cache), false)
#11 D:\RYZ-PROJECT\CI4\web-kp\public\index.php(67): CodeIgniter\CodeIgniter->run()
#12 D:\RYZ-PROJECT\CI4\web-kp\vendor\codeigniter4\framework\system\Commands\Server\rewrite.php(46): require_once('D:\\RYZ-PROJECT\\...')
#13 {main}
CRITICAL - 2022-11-07 03:55:25 --> Column 'nama_barang' cannot be null
in SYSTEMPATH\Database\MySQLi\Connection.php on line 292.
 1 SYSTEMPATH\Database\MySQLi\Connection.php(292): mysqli->query('INSERT INTO `barang` (`nama_barang`, `jenis_barang`, `merk`, `harga`, `stok`) VALUES (NULL, NULL, NULL, NULL, NULL)', 0)
 2 SYSTEMPATH\Database\BaseConnection.php(666): CodeIgniter\Database\MySQLi\Connection->execute('INSERT INTO `barang` (`nama_barang`, `jenis_barang`, `merk`, `harga`, `stok`) VALUES (NULL, NULL, NULL, NULL, NULL)')
 3 SYSTEMPATH\Database\BaseConnection.php(593): CodeIgniter\Database\BaseConnection->simpleQuery('INSERT INTO `barang` (`nama_barang`, `jenis_barang`, `merk`, `harga`, `stok`) VALUES (NULL, NULL, NULL, NULL, NULL)')
 4 SYSTEMPATH\Database\BaseBuilder.php(1916): CodeIgniter\Database\BaseConnection->query('INSERT INTO `barang` (`nama_barang`, `jenis_barang`, `merk`, `harga`, `stok`) VALUES (:nama_barang:, :jenis_barang:, :merk:, :harga:, :stok:)', [...], false)
 5 SYSTEMPATH\Model.php(279): CodeIgniter\Database\BaseBuilder->insert()
 6 SYSTEMPATH\BaseModel.php(749): CodeIgniter\Model->doInsert([...])
 7 SYSTEMPATH\Model.php(667): CodeIgniter\BaseModel->insert([...], true)
 8 APPPATH\Controllers\Barang\BarangController.php(47): CodeIgniter\Model->insert([...])
 9 SYSTEMPATH\CodeIgniter.php(927): App\Controllers\Barang\BarangController->add()
10 SYSTEMPATH\CodeIgniter.php(482): CodeIgniter\CodeIgniter->runController(Object(App\Controllers\Barang\BarangController))
11 SYSTEMPATH\CodeIgniter.php(351): CodeIgniter\CodeIgniter->handleRequest(null, Object(Config\Cache), false)
12 FCPATH\index.php(67): CodeIgniter\CodeIgniter->run()
13 SYSTEMPATH\Commands\Server\rewrite.php(46): require_once('FCPATH\\index.php')
ERROR - 2022-11-07 03:58:51 --> mysqli_sql_exception: Column 'nama_barang' cannot be null in D:\RYZ-PROJECT\CI4\web-kp\vendor\codeigniter4\framework\system\Database\MySQLi\Connection.php:292
Stack trace:
#0 D:\RYZ-PROJECT\CI4\web-kp\vendor\codeigniter4\framework\system\Database\MySQLi\Connection.php(292): mysqli->query('INSERT INTO `ba...', 0)
#1 D:\RYZ-PROJECT\CI4\web-kp\vendor\codeigniter4\framework\system\Database\BaseConnection.php(666): CodeIgniter\Database\MySQLi\Connection->execute('INSERT INTO `ba...')
#2 D:\RYZ-PROJECT\CI4\web-kp\vendor\codeigniter4\framework\system\Database\BaseConnection.php(593): CodeIgniter\Database\BaseConnection->simpleQuery('INSERT INTO `ba...')
#3 D:\RYZ-PROJECT\CI4\web-kp\vendor\codeigniter4\framework\system\Database\BaseBuilder.php(1916): CodeIgniter\Database\BaseConnection->query('INSERT INTO `ba...', Array, false)
#4 D:\RYZ-PROJECT\CI4\web-kp\vendor\codeigniter4\framework\system\Model.php(279): CodeIgniter\Database\BaseBuilder->insert()
#5 D:\RYZ-PROJECT\CI4\web-kp\vendor\codeigniter4\framework\system\BaseModel.php(749): CodeIgniter\Model->doInsert(Array)
#6 D:\RYZ-PROJECT\CI4\web-kp\vendor\codeigniter4\framework\system\Model.php(667): CodeIgniter\BaseModel->insert(Array, true)
#7 D:\RYZ-PROJECT\CI4\web-kp\app\Controllers\Barang\BarangController.php(47): CodeIgniter\Model->insert(Array)
#8 D:\RYZ-PROJECT\CI4\web-kp\vendor\codeigniter4\framework\system\CodeIgniter.php(927): App\Controllers\Barang\BarangController->add()
#9 D:\RYZ-PROJECT\CI4\web-kp\vendor\codeigniter4\framework\system\CodeIgniter.php(482): CodeIgniter\CodeIgniter->runController(Object(App\Controllers\Barang\BarangController))
#10 D:\RYZ-PROJECT\CI4\web-kp\vendor\codeigniter4\framework\system\CodeIgniter.php(351): CodeIgniter\CodeIgniter->handleRequest(NULL, Object(Config\Cache), false)
#11 D:\RYZ-PROJECT\CI4\web-kp\public\index.php(67): CodeIgniter\CodeIgniter->run()
#12 D:\RYZ-PROJECT\CI4\web-kp\vendor\codeigniter4\framework\system\Commands\Server\rewrite.php(46): require_once('D:\\RYZ-PROJECT\\...')
#13 {main}
CRITICAL - 2022-11-07 03:58:51 --> Column 'nama_barang' cannot be null
in SYSTEMPATH\Database\MySQLi\Connection.php on line 292.
 1 SYSTEMPATH\Database\MySQLi\Connection.php(292): mysqli->query('INSERT INTO `barang` (`nama_barang`, `jenis_barang`, `merk`, `harga`, `stok`) VALUES (NULL, NULL, NULL, NULL, NULL)', 0)
 2 SYSTEMPATH\Database\BaseConnection.php(666): CodeIgniter\Database\MySQLi\Connection->execute('INSERT INTO `barang` (`nama_barang`, `jenis_barang`, `merk`, `harga`, `stok`) VALUES (NULL, NULL, NULL, NULL, NULL)')
 3 SYSTEMPATH\Database\BaseConnection.php(593): CodeIgniter\Database\BaseConnection->simpleQuery('INSERT INTO `barang` (`nama_barang`, `jenis_barang`, `merk`, `harga`, `stok`) VALUES (NULL, NULL, NULL, NULL, NULL)')
 4 SYSTEMPATH\Database\BaseBuilder.php(1916): CodeIgniter\Database\BaseConnection->query('INSERT INTO `barang` (`nama_barang`, `jenis_barang`, `merk`, `harga`, `stok`) VALUES (:nama_barang:, :jenis_barang:, :merk:, :harga:, :stok:)', [...], false)
 5 SYSTEMPATH\Model.php(279): CodeIgniter\Database\BaseBuilder->insert()
 6 SYSTEMPATH\BaseModel.php(749): CodeIgniter\Model->doInsert([...])
 7 SYSTEMPATH\Model.php(667): CodeIgniter\BaseModel->insert([...], true)
 8 APPPATH\Controllers\Barang\BarangController.php(47): CodeIgniter\Model->insert([...])
 9 SYSTEMPATH\CodeIgniter.php(927): App\Controllers\Barang\BarangController->add()
10 SYSTEMPATH\CodeIgniter.php(482): CodeIgniter\CodeIgniter->runController(Object(App\Controllers\Barang\BarangController))
11 SYSTEMPATH\CodeIgniter.php(351): CodeIgniter\CodeIgniter->handleRequest(null, Object(Config\Cache), false)
12 FCPATH\index.php(67): CodeIgniter\CodeIgniter->run()
13 SYSTEMPATH\Commands\Server\rewrite.php(46): require_once('FCPATH\\index.php')
ERROR - 2022-11-07 03:59:19 --> mysqli_sql_exception: Column 'nama_barang' cannot be null in D:\RYZ-PROJECT\CI4\web-kp\vendor\codeigniter4\framework\system\Database\MySQLi\Connection.php:292
Stack trace:
#0 D:\RYZ-PROJECT\CI4\web-kp\vendor\codeigniter4\framework\system\Database\MySQLi\Connection.php(292): mysqli->query('INSERT INTO `ba...', 0)
#1 D:\RYZ-PROJECT\CI4\web-kp\vendor\codeigniter4\framework\system\Database\BaseConnection.php(666): CodeIgniter\Database\MySQLi\Connection->execute('INSERT INTO `ba...')
#2 D:\RYZ-PROJECT\CI4\web-kp\vendor\codeigniter4\framework\system\Database\BaseConnection.php(593): CodeIgniter\Database\BaseConnection->simpleQuery('INSERT INTO `ba...')
#3 D:\RYZ-PROJECT\CI4\web-kp\vendor\codeigniter4\framework\system\Database\BaseBuilder.php(1916): CodeIgniter\Database\BaseConnection->query('INSERT INTO `ba...', Array, false)
#4 D:\RYZ-PROJECT\CI4\web-kp\vendor\codeigniter4\framework\system\Model.php(279): CodeIgniter\Database\BaseBuilder->insert()
#5 D:\RYZ-PROJECT\CI4\web-kp\vendor\codeigniter4\framework\system\BaseModel.php(749): CodeIgniter\Model->doInsert(Array)
#6 D:\RYZ-PROJECT\CI4\web-kp\vendor\codeigniter4\framework\system\Model.php(667): CodeIgniter\BaseModel->insert(Array, true)
#7 D:\RYZ-PROJECT\CI4\web-kp\app\Controllers\Barang\BarangController.php(47): CodeIgniter\Model->insert(Array)
#8 D:\RYZ-PROJECT\CI4\web-kp\vendor\codeigniter4\framework\system\CodeIgniter.php(927): App\Controllers\Barang\BarangController->add()
#9 D:\RYZ-PROJECT\CI4\web-kp\vendor\codeigniter4\framework\system\CodeIgniter.php(482): CodeIgniter\CodeIgniter->runController(Object(App\Controllers\Barang\BarangController))
#10 D:\RYZ-PROJECT\CI4\web-kp\vendor\codeigniter4\framework\system\CodeIgniter.php(351): CodeIgniter\CodeIgniter->handleRequest(NULL, Object(Config\Cache), false)
#11 D:\RYZ-PROJECT\CI4\web-kp\public\index.php(67): CodeIgniter\CodeIgniter->run()
#12 D:\RYZ-PROJECT\CI4\web-kp\vendor\codeigniter4\framework\system\Commands\Server\rewrite.php(46): require_once('D:\\RYZ-PROJECT\\...')
#13 {main}
CRITICAL - 2022-11-07 03:59:19 --> Column 'nama_barang' cannot be null
in SYSTEMPATH\Database\MySQLi\Connection.php on line 292.
 1 SYSTEMPATH\Database\MySQLi\Connection.php(292): mysqli->query('INSERT INTO `barang` (`nama_barang`, `jenis_barang`, `merk`, `harga`, `stok`) VALUES (NULL, NULL, NULL, NULL, NULL)', 0)
 2 SYSTEMPATH\Database\BaseConnection.php(666): CodeIgniter\Database\MySQLi\Connection->execute('INSERT INTO `barang` (`nama_barang`, `jenis_barang`, `merk`, `harga`, `stok`) VALUES (NULL, NULL, NULL, NULL, NULL)')
 3 SYSTEMPATH\Database\BaseConnection.php(593): CodeIgniter\Database\BaseConnection->simpleQuery('INSERT INTO `barang` (`nama_barang`, `jenis_barang`, `merk`, `harga`, `stok`) VALUES (NULL, NULL, NULL, NULL, NULL)')
 4 SYSTEMPATH\Database\BaseBuilder.php(1916): CodeIgniter\Database\BaseConnection->query('INSERT INTO `barang` (`nama_barang`, `jenis_barang`, `merk`, `harga`, `stok`) VALUES (:nama_barang:, :jenis_barang:, :merk:, :harga:, :stok:)', [...], false)
 5 SYSTEMPATH\Model.php(279): CodeIgniter\Database\BaseBuilder->insert()
 6 SYSTEMPATH\BaseModel.php(749): CodeIgniter\Model->doInsert([...])
 7 SYSTEMPATH\Model.php(667): CodeIgniter\BaseModel->insert([...], true)
 8 APPPATH\Controllers\Barang\BarangController.php(47): CodeIgniter\Model->insert([...])
 9 SYSTEMPATH\CodeIgniter.php(927): App\Controllers\Barang\BarangController->add()
10 SYSTEMPATH\CodeIgniter.php(482): CodeIgniter\CodeIgniter->runController(Object(App\Controllers\Barang\BarangController))
11 SYSTEMPATH\CodeIgniter.php(351): CodeIgniter\CodeIgniter->handleRequest(null, Object(Config\Cache), false)
12 FCPATH\index.php(67): CodeIgniter\CodeIgniter->run()
13 SYSTEMPATH\Commands\Server\rewrite.php(46): require_once('FCPATH\\index.php')
ERROR - 2022-11-07 03:59:26 --> mysqli_sql_exception: Column 'nama_barang' cannot be null in D:\RYZ-PROJECT\CI4\web-kp\vendor\codeigniter4\framework\system\Database\MySQLi\Connection.php:292
Stack trace:
#0 D:\RYZ-PROJECT\CI4\web-kp\vendor\codeigniter4\framework\system\Database\MySQLi\Connection.php(292): mysqli->query('INSERT INTO `ba...', 0)
#1 D:\RYZ-PROJECT\CI4\web-kp\vendor\codeigniter4\framework\system\Database\BaseConnection.php(666): CodeIgniter\Database\MySQLi\Connection->execute('INSERT INTO `ba...')
#2 D:\RYZ-PROJECT\CI4\web-kp\vendor\codeigniter4\framework\system\Database\BaseConnection.php(593): CodeIgniter\Database\BaseConnection->simpleQuery('INSERT INTO `ba...')
#3 D:\RYZ-PROJECT\CI4\web-kp\vendor\codeigniter4\framework\system\Database\BaseBuilder.php(1916): CodeIgniter\Database\BaseConnection->query('INSERT INTO `ba...', Array, false)
#4 D:\RYZ-PROJECT\CI4\web-kp\vendor\codeigniter4\framework\system\Model.php(279): CodeIgniter\Database\BaseBuilder->insert()
#5 D:\RYZ-PROJECT\CI4\web-kp\vendor\codeigniter4\framework\system\BaseModel.php(749): CodeIgniter\Model->doInsert(Array)
#6 D:\RYZ-PROJECT\CI4\web-kp\vendor\codeigniter4\framework\system\Model.php(667): CodeIgniter\BaseModel->insert(Array, true)
#7 D:\RYZ-PROJECT\CI4\web-kp\app\Controllers\Barang\BarangController.php(47): CodeIgniter\Model->insert(Array)
#8 D:\RYZ-PROJECT\CI4\web-kp\vendor\codeigniter4\framework\system\CodeIgniter.php(927): App\Controllers\Barang\BarangController->add()
#9 D:\RYZ-PROJECT\CI4\web-kp\vendor\codeigniter4\framework\system\CodeIgniter.php(482): CodeIgniter\CodeIgniter->runController(Object(App\Controllers\Barang\BarangController))
#10 D:\RYZ-PROJECT\CI4\web-kp\vendor\codeigniter4\framework\system\CodeIgniter.php(351): CodeIgniter\CodeIgniter->handleRequest(NULL, Object(Config\Cache), false)
#11 D:\RYZ-PROJECT\CI4\web-kp\public\index.php(67): CodeIgniter\CodeIgniter->run()
#12 D:\RYZ-PROJECT\CI4\web-kp\vendor\codeigniter4\framework\system\Commands\Server\rewrite.php(46): require_once('D:\\RYZ-PROJECT\\...')
#13 {main}
CRITICAL - 2022-11-07 03:59:26 --> Column 'nama_barang' cannot be null
in SYSTEMPATH\Database\MySQLi\Connection.php on line 292.
 1 SYSTEMPATH\Database\MySQLi\Connection.php(292): mysqli->query('INSERT INTO `barang` (`nama_barang`, `jenis_barang`, `merk`, `harga`, `stok`) VALUES (NULL, NULL, NULL, NULL, NULL)', 0)
 2 SYSTEMPATH\Database\BaseConnection.php(666): CodeIgniter\Database\MySQLi\Connection->execute('INSERT INTO `barang` (`nama_barang`, `jenis_barang`, `merk`, `harga`, `stok`) VALUES (NULL, NULL, NULL, NULL, NULL)')
 3 SYSTEMPATH\Database\BaseConnection.php(593): CodeIgniter\Database\BaseConnection->simpleQuery('INSERT INTO `barang` (`nama_barang`, `jenis_barang`, `merk`, `harga`, `stok`) VALUES (NULL, NULL, NULL, NULL, NULL)')
 4 SYSTEMPATH\Database\BaseBuilder.php(1916): CodeIgniter\Database\BaseConnection->query('INSERT INTO `barang` (`nama_barang`, `jenis_barang`, `merk`, `harga`, `stok`) VALUES (:nama_barang:, :jenis_barang:, :merk:, :harga:, :stok:)', [...], false)
 5 SYSTEMPATH\Model.php(279): CodeIgniter\Database\BaseBuilder->insert()
 6 SYSTEMPATH\BaseModel.php(749): CodeIgniter\Model->doInsert([...])
 7 SYSTEMPATH\Model.php(667): CodeIgniter\BaseModel->insert([...], true)
 8 APPPATH\Controllers\Barang\BarangController.php(47): CodeIgniter\Model->insert([...])
 9 SYSTEMPATH\CodeIgniter.php(927): App\Controllers\Barang\BarangController->add()
10 SYSTEMPATH\CodeIgniter.php(482): CodeIgniter\CodeIgniter->runController(Object(App\Controllers\Barang\BarangController))
11 SYSTEMPATH\CodeIgniter.php(351): CodeIgniter\CodeIgniter->handleRequest(null, Object(Config\Cache), false)
12 FCPATH\index.php(67): CodeIgniter\CodeIgniter->run()
13 SYSTEMPATH\Commands\Server\rewrite.php(46): require_once('FCPATH\\index.php')
ERROR - 2022-11-07 04:00:43 --> mysqli_sql_exception: Column 'nama_barang' cannot be null in D:\RYZ-PROJECT\CI4\web-kp\vendor\codeigniter4\framework\system\Database\MySQLi\Connection.php:292
Stack trace:
#0 D:\RYZ-PROJECT\CI4\web-kp\vendor\codeigniter4\framework\system\Database\MySQLi\Connection.php(292): mysqli->query('INSERT INTO `ba...', 0)
#1 D:\RYZ-PROJECT\CI4\web-kp\vendor\codeigniter4\framework\system\Database\BaseConnection.php(666): CodeIgniter\Database\MySQLi\Connection->execute('INSERT INTO `ba...')
#2 D:\RYZ-PROJECT\CI4\web-kp\vendor\codeigniter4\framework\system\Database\BaseConnection.php(593): CodeIgniter\Database\BaseConnection->simpleQuery('INSERT INTO `ba...')
#3 D:\RYZ-PROJECT\CI4\web-kp\vendor\codeigniter4\framework\system\Database\BaseBuilder.php(1916): CodeIgniter\Database\BaseConnection->query('INSERT INTO `ba...', Array, false)
#4 D:\RYZ-PROJECT\CI4\web-kp\vendor\codeigniter4\framework\system\Model.php(279): CodeIgniter\Database\BaseBuilder->insert()
#5 D:\RYZ-PROJECT\CI4\web-kp\vendor\codeigniter4\framework\system\BaseModel.php(749): CodeIgniter\Model->doInsert(Array)
#6 D:\RYZ-PROJECT\CI4\web-kp\vendor\codeigniter4\framework\system\Model.php(667): CodeIgniter\BaseModel->insert(Array, true)
#7 D:\RYZ-PROJECT\CI4\web-kp\app\Controllers\Barang\BarangController.php(47): CodeIgniter\Model->insert(Array)
#8 D:\RYZ-PROJECT\CI4\web-kp\vendor\codeigniter4\framework\system\CodeIgniter.php(927): App\Controllers\Barang\BarangController->add()
#9 D:\RYZ-PROJECT\CI4\web-kp\vendor\codeigniter4\framework\system\CodeIgniter.php(482): CodeIgniter\CodeIgniter->runController(Object(App\Controllers\Barang\BarangController))
#10 D:\RYZ-PROJECT\CI4\web-kp\vendor\codeigniter4\framework\system\CodeIgniter.php(351): CodeIgniter\CodeIgniter->handleRequest(NULL, Object(Config\Cache), false)
#11 D:\RYZ-PROJECT\CI4\web-kp\public\index.php(67): CodeIgniter\CodeIgniter->run()
#12 D:\RYZ-PROJECT\CI4\web-kp\vendor\codeigniter4\framework\system\Commands\Server\rewrite.php(46): require_once('D:\\RYZ-PROJECT\\...')
#13 {main}
CRITICAL - 2022-11-07 04:00:43 --> Column 'nama_barang' cannot be null
in SYSTEMPATH\Database\MySQLi\Connection.php on line 292.
 1 SYSTEMPATH\Database\MySQLi\Connection.php(292): mysqli->query('INSERT INTO `barang` (`nama_barang`, `jenis_barang`, `merk`, `harga`, `stok`) VALUES (NULL, NULL, NULL, NULL, NULL)', 0)
 2 SYSTEMPATH\Database\BaseConnection.php(666): CodeIgniter\Database\MySQLi\Connection->execute('INSERT INTO `barang` (`nama_barang`, `jenis_barang`, `merk`, `harga`, `stok`) VALUES (NULL, NULL, NULL, NULL, NULL)')
 3 SYSTEMPATH\Database\BaseConnection.php(593): CodeIgniter\Database\BaseConnection->simpleQuery('INSERT INTO `barang` (`nama_barang`, `jenis_barang`, `merk`, `harga`, `stok`) VALUES (NULL, NULL, NULL, NULL, NULL)')
 4 SYSTEMPATH\Database\BaseBuilder.php(1916): CodeIgniter\Database\BaseConnection->query('INSERT INTO `barang` (`nama_barang`, `jenis_barang`, `merk`, `harga`, `stok`) VALUES (:nama_barang:, :jenis_barang:, :merk:, :harga:, :stok:)', [...], false)
 5 SYSTEMPATH\Model.php(279): CodeIgniter\Database\BaseBuilder->insert()
 6 SYSTEMPATH\BaseModel.php(749): CodeIgniter\Model->doInsert([...])
 7 SYSTEMPATH\Model.php(667): CodeIgniter\BaseModel->insert([...], true)
 8 APPPATH\Controllers\Barang\BarangController.php(47): CodeIgniter\Model->insert([...])
 9 SYSTEMPATH\CodeIgniter.php(927): App\Controllers\Barang\BarangController->add()
10 SYSTEMPATH\CodeIgniter.php(482): CodeIgniter\CodeIgniter->runController(Object(App\Controllers\Barang\BarangController))
11 SYSTEMPATH\CodeIgniter.php(351): CodeIgniter\CodeIgniter->handleRequest(null, Object(Config\Cache), false)
12 FCPATH\index.php(67): CodeIgniter\CodeIgniter->run()
13 SYSTEMPATH\Commands\Server\rewrite.php(46): require_once('FCPATH\\index.php')
ERROR - 2022-11-07 04:11:40 --> mysqli_sql_exception: Column 'nama_barang' cannot be null in D:\RYZ-PROJECT\CI4\web-kp\vendor\codeigniter4\framework\system\Database\MySQLi\Connection.php:292
Stack trace:
#0 D:\RYZ-PROJECT\CI4\web-kp\vendor\codeigniter4\framework\system\Database\MySQLi\Connection.php(292): mysqli->query('INSERT INTO `ba...', 0)
#1 D:\RYZ-PROJECT\CI4\web-kp\vendor\codeigniter4\framework\system\Database\BaseConnection.php(666): CodeIgniter\Database\MySQLi\Connection->execute('INSERT INTO `ba...')
#2 D:\RYZ-PROJECT\CI4\web-kp\vendor\codeigniter4\framework\system\Database\BaseConnection.php(593): CodeIgniter\Database\BaseConnection->simpleQuery('INSERT INTO `ba...')
#3 D:\RYZ-PROJECT\CI4\web-kp\vendor\codeigniter4\framework\system\Database\BaseBuilder.php(1916): CodeIgniter\Database\BaseConnection->query('INSERT INTO `ba...', Array, false)
#4 D:\RYZ-PROJECT\CI4\web-kp\vendor\codeigniter4\framework\system\Model.php(279): CodeIgniter\Database\BaseBuilder->insert()
#5 D:\RYZ-PROJECT\CI4\web-kp\vendor\codeigniter4\framework\system\BaseModel.php(749): CodeIgniter\Model->doInsert(Array)
#6 D:\RYZ-PROJECT\CI4\web-kp\vendor\codeigniter4\framework\system\Model.php(667): CodeIgniter\BaseModel->insert(Array, true)
#7 D:\RYZ-PROJECT\CI4\web-kp\app\Controllers\Barang\BarangController.php(55): CodeIgniter\Model->insert(Array)
#8 D:\RYZ-PROJECT\CI4\web-kp\vendor\codeigniter4\framework\system\CodeIgniter.php(927): App\Controllers\Barang\BarangController->add()
#9 D:\RYZ-PROJECT\CI4\web-kp\vendor\codeigniter4\framework\system\CodeIgniter.php(482): CodeIgniter\CodeIgniter->runController(Object(App\Controllers\Barang\BarangController))
#10 D:\RYZ-PROJECT\CI4\web-kp\vendor\codeigniter4\framework\system\CodeIgniter.php(351): CodeIgniter\CodeIgniter->handleRequest(NULL, Object(Config\Cache), false)
#11 D:\RYZ-PROJECT\CI4\web-kp\public\index.php(67): CodeIgniter\CodeIgniter->run()
#12 D:\RYZ-PROJECT\CI4\web-kp\vendor\codeigniter4\framework\system\Commands\Server\rewrite.php(46): require_once('D:\\RYZ-PROJECT\\...')
#13 {main}
CRITICAL - 2022-11-07 04:11:40 --> Column 'nama_barang' cannot be null
in SYSTEMPATH\Database\MySQLi\Connection.php on line 292.
 1 SYSTEMPATH\Database\MySQLi\Connection.php(292): mysqli->query('INSERT INTO `barang` (`nama_barang`, `jenis_barang`, `merk`, `harga`, `stok`) VALUES (NULL, NULL, NULL, NULL, NULL)', 0)
 2 SYSTEMPATH\Database\BaseConnection.php(666): CodeIgniter\Database\MySQLi\Connection->execute('INSERT INTO `barang` (`nama_barang`, `jenis_barang`, `merk`, `harga`, `stok`) VALUES (NULL, NULL, NULL, NULL, NULL)')
 3 SYSTEMPATH\Database\BaseConnection.php(593): CodeIgniter\Database\BaseConnection->simpleQuery('INSERT INTO `barang` (`nama_barang`, `jenis_barang`, `merk`, `harga`, `stok`) VALUES (NULL, NULL, NULL, NULL, NULL)')
 4 SYSTEMPATH\Database\BaseBuilder.php(1916): CodeIgniter\Database\BaseConnection->query('INSERT INTO `barang` (`nama_barang`, `jenis_barang`, `merk`, `harga`, `stok`) VALUES (:nama_barang:, :jenis_barang:, :merk:, :harga:, :stok:)', [...], false)
 5 SYSTEMPATH\Model.php(279): CodeIgniter\Database\BaseBuilder->insert()
 6 SYSTEMPATH\BaseModel.php(749): CodeIgniter\Model->doInsert([...])
 7 SYSTEMPATH\Model.php(667): CodeIgniter\BaseModel->insert([...], true)
 8 APPPATH\Controllers\Barang\BarangController.php(55): CodeIgniter\Model->insert([...])
 9 SYSTEMPATH\CodeIgniter.php(927): App\Controllers\Barang\BarangController->add()
10 SYSTEMPATH\CodeIgniter.php(482): CodeIgniter\CodeIgniter->runController(Object(App\Controllers\Barang\BarangController))
11 SYSTEMPATH\CodeIgniter.php(351): CodeIgniter\CodeIgniter->handleRequest(null, Object(Config\Cache), false)
12 FCPATH\index.php(67): CodeIgniter\CodeIgniter->run()
13 SYSTEMPATH\Commands\Server\rewrite.php(46): require_once('FCPATH\\index.php')
ERROR - 2022-11-07 04:16:13 --> mysqli_sql_exception: Column 'nama_barang' cannot be null in D:\RYZ-PROJECT\CI4\web-kp\vendor\codeigniter4\framework\system\Database\MySQLi\Connection.php:292
Stack trace:
#0 D:\RYZ-PROJECT\CI4\web-kp\vendor\codeigniter4\framework\system\Database\MySQLi\Connection.php(292): mysqli->query('INSERT INTO `ba...', 0)
#1 D:\RYZ-PROJECT\CI4\web-kp\vendor\codeigniter4\framework\system\Database\BaseConnection.php(666): CodeIgniter\Database\MySQLi\Connection->execute('INSERT INTO `ba...')
#2 D:\RYZ-PROJECT\CI4\web-kp\vendor\codeigniter4\framework\system\Database\BaseConnection.php(593): CodeIgniter\Database\BaseConnection->simpleQuery('INSERT INTO `ba...')
#3 D:\RYZ-PROJECT\CI4\web-kp\vendor\codeigniter4\framework\system\Database\BaseBuilder.php(1916): CodeIgniter\Database\BaseConnection->query('INSERT INTO `ba...', Array, false)
#4 D:\RYZ-PROJECT\CI4\web-kp\vendor\codeigniter4\framework\system\Model.php(279): CodeIgniter\Database\BaseBuilder->insert()
#5 D:\RYZ-PROJECT\CI4\web-kp\vendor\codeigniter4\framework\system\BaseModel.php(749): CodeIgniter\Model->doInsert(Array)
#6 D:\RYZ-PROJECT\CI4\web-kp\vendor\codeigniter4\framework\system\Model.php(667): CodeIgniter\BaseModel->insert(Array, true)
#7 D:\RYZ-PROJECT\CI4\web-kp\app\Controllers\Barang\BarangController.php(55): CodeIgniter\Model->insert(Array)
#8 D:\RYZ-PROJECT\CI4\web-kp\vendor\codeigniter4\framework\system\CodeIgniter.php(927): App\Controllers\Barang\BarangController->add()
#9 D:\RYZ-PROJECT\CI4\web-kp\vendor\codeigniter4\framework\system\CodeIgniter.php(482): CodeIgniter\CodeIgniter->runController(Object(App\Controllers\Barang\BarangController))
#10 D:\RYZ-PROJECT\CI4\web-kp\vendor\codeigniter4\framework\system\CodeIgniter.php(351): CodeIgniter\CodeIgniter->handleRequest(NULL, Object(Config\Cache), false)
#11 D:\RYZ-PROJECT\CI4\web-kp\public\index.php(67): CodeIgniter\CodeIgniter->run()
#12 D:\RYZ-PROJECT\CI4\web-kp\vendor\codeigniter4\framework\system\Commands\Server\rewrite.php(46): require_once('D:\\RYZ-PROJECT\\...')
#13 {main}
CRITICAL - 2022-11-07 04:16:13 --> Column 'nama_barang' cannot be null
in SYSTEMPATH\Database\MySQLi\Connection.php on line 292.
 1 SYSTEMPATH\Database\MySQLi\Connection.php(292): mysqli->query('INSERT INTO `barang` (`nama_barang`, `jenis_barang`, `merk`, `harga`, `stok`) VALUES (NULL, NULL, NULL, NULL, NULL)', 0)
 2 SYSTEMPATH\Database\BaseConnection.php(666): CodeIgniter\Database\MySQLi\Connection->execute('INSERT INTO `barang` (`nama_barang`, `jenis_barang`, `merk`, `harga`, `stok`) VALUES (NULL, NULL, NULL, NULL, NULL)')
 3 SYSTEMPATH\Database\BaseConnection.php(593): CodeIgniter\Database\BaseConnection->simpleQuery('INSERT INTO `barang` (`nama_barang`, `jenis_barang`, `merk`, `harga`, `stok`) VALUES (NULL, NULL, NULL, NULL, NULL)')
 4 SYSTEMPATH\Database\BaseBuilder.php(1916): CodeIgniter\Database\BaseConnection->query('INSERT INTO `barang` (`nama_barang`, `jenis_barang`, `merk`, `harga`, `stok`) VALUES (:nama_barang:, :jenis_barang:, :merk:, :harga:, :stok:)', [...], false)
 5 SYSTEMPATH\Model.php(279): CodeIgniter\Database\BaseBuilder->insert()
 6 SYSTEMPATH\BaseModel.php(749): CodeIgniter\Model->doInsert([...])
 7 SYSTEMPATH\Model.php(667): CodeIgniter\BaseModel->insert([...], true)
 8 APPPATH\Controllers\Barang\BarangController.php(55): CodeIgniter\Model->insert([...])
 9 SYSTEMPATH\CodeIgniter.php(927): App\Controllers\Barang\BarangController->add()
10 SYSTEMPATH\CodeIgniter.php(482): CodeIgniter\CodeIgniter->runController(Object(App\Controllers\Barang\BarangController))
11 SYSTEMPATH\CodeIgniter.php(351): CodeIgniter\CodeIgniter->handleRequest(null, Object(Config\Cache), false)
12 FCPATH\index.php(67): CodeIgniter\CodeIgniter->run()
13 SYSTEMPATH\Commands\Server\rewrite.php(46): require_once('FCPATH\\index.php')
ERROR - 2022-11-07 04:16:21 --> mysqli_sql_exception: Column 'nama_barang' cannot be null in D:\RYZ-PROJECT\CI4\web-kp\vendor\codeigniter4\framework\system\Database\MySQLi\Connection.php:292
Stack trace:
#0 D:\RYZ-PROJECT\CI4\web-kp\vendor\codeigniter4\framework\system\Database\MySQLi\Connection.php(292): mysqli->query('INSERT INTO `ba...', 0)
#1 D:\RYZ-PROJECT\CI4\web-kp\vendor\codeigniter4\framework\system\Database\BaseConnection.php(666): CodeIgniter\Database\MySQLi\Connection->execute('INSERT INTO `ba...')
#2 D:\RYZ-PROJECT\CI4\web-kp\vendor\codeigniter4\framework\system\Database\BaseConnection.php(593): CodeIgniter\Database\BaseConnection->simpleQuery('INSERT INTO `ba...')
#3 D:\RYZ-PROJECT\CI4\web-kp\vendor\codeigniter4\framework\system\Database\BaseBuilder.php(1916): CodeIgniter\Database\BaseConnection->query('INSERT INTO `ba...', Array, false)
#4 D:\RYZ-PROJECT\CI4\web-kp\vendor\codeigniter4\framework\system\Model.php(279): CodeIgniter\Database\BaseBuilder->insert()
#5 D:\RYZ-PROJECT\CI4\web-kp\vendor\codeigniter4\framework\system\BaseModel.php(749): CodeIgniter\Model->doInsert(Array)
#6 D:\RYZ-PROJECT\CI4\web-kp\vendor\codeigniter4\framework\system\Model.php(667): CodeIgniter\BaseModel->insert(Array, true)
#7 D:\RYZ-PROJECT\CI4\web-kp\app\Controllers\Barang\BarangController.php(55): CodeIgniter\Model->insert(Array)
#8 D:\RYZ-PROJECT\CI4\web-kp\vendor\codeigniter4\framework\system\CodeIgniter.php(927): App\Controllers\Barang\BarangController->add()
#9 D:\RYZ-PROJECT\CI4\web-kp\vendor\codeigniter4\framework\system\CodeIgniter.php(482): CodeIgniter\CodeIgniter->runController(Object(App\Controllers\Barang\BarangController))
#10 D:\RYZ-PROJECT\CI4\web-kp\vendor\codeigniter4\framework\system\CodeIgniter.php(351): CodeIgniter\CodeIgniter->handleRequest(NULL, Object(Config\Cache), false)
#11 D:\RYZ-PROJECT\CI4\web-kp\public\index.php(67): CodeIgniter\CodeIgniter->run()
#12 D:\RYZ-PROJECT\CI4\web-kp\vendor\codeigniter4\framework\system\Commands\Server\rewrite.php(46): require_once('D:\\RYZ-PROJECT\\...')
#13 {main}
CRITICAL - 2022-11-07 04:16:21 --> Column 'nama_barang' cannot be null
in SYSTEMPATH\Database\MySQLi\Connection.php on line 292.
 1 SYSTEMPATH\Database\MySQLi\Connection.php(292): mysqli->query('INSERT INTO `barang` (`nama_barang`, `jenis_barang`, `merk`, `harga`, `stok`) VALUES (NULL, NULL, NULL, NULL, NULL)', 0)
 2 SYSTEMPATH\Database\BaseConnection.php(666): CodeIgniter\Database\MySQLi\Connection->execute('INSERT INTO `barang` (`nama_barang`, `jenis_barang`, `merk`, `harga`, `stok`) VALUES (NULL, NULL, NULL, NULL, NULL)')
 3 SYSTEMPATH\Database\BaseConnection.php(593): CodeIgniter\Database\BaseConnection->simpleQuery('INSERT INTO `barang` (`nama_barang`, `jenis_barang`, `merk`, `harga`, `stok`) VALUES (NULL, NULL, NULL, NULL, NULL)')
 4 SYSTEMPATH\Database\BaseBuilder.php(1916): CodeIgniter\Database\BaseConnection->query('INSERT INTO `barang` (`nama_barang`, `jenis_barang`, `merk`, `harga`, `stok`) VALUES (:nama_barang:, :jenis_barang:, :merk:, :harga:, :stok:)', [...], false)
 5 SYSTEMPATH\Model.php(279): CodeIgniter\Database\BaseBuilder->insert()
 6 SYSTEMPATH\BaseModel.php(749): CodeIgniter\Model->doInsert([...])
 7 SYSTEMPATH\Model.php(667): CodeIgniter\BaseModel->insert([...], true)
 8 APPPATH\Controllers\Barang\BarangController.php(55): CodeIgniter\Model->insert([...])
 9 SYSTEMPATH\CodeIgniter.php(927): App\Controllers\Barang\BarangController->add()
10 SYSTEMPATH\CodeIgniter.php(482): CodeIgniter\CodeIgniter->runController(Object(App\Controllers\Barang\BarangController))
11 SYSTEMPATH\CodeIgniter.php(351): CodeIgniter\CodeIgniter->handleRequest(null, Object(Config\Cache), false)
12 FCPATH\index.php(67): CodeIgniter\CodeIgniter->run()
13 SYSTEMPATH\Commands\Server\rewrite.php(46): require_once('FCPATH\\index.php')
ERROR - 2022-11-07 04:16:44 --> mysqli_sql_exception: Column 'nama_barang' cannot be null in D:\RYZ-PROJECT\CI4\web-kp\vendor\codeigniter4\framework\system\Database\MySQLi\Connection.php:292
Stack trace:
#0 D:\RYZ-PROJECT\CI4\web-kp\vendor\codeigniter4\framework\system\Database\MySQLi\Connection.php(292): mysqli->query('INSERT INTO `ba...', 0)
#1 D:\RYZ-PROJECT\CI4\web-kp\vendor\codeigniter4\framework\system\Database\BaseConnection.php(666): CodeIgniter\Database\MySQLi\Connection->execute('INSERT INTO `ba...')
#2 D:\RYZ-PROJECT\CI4\web-kp\vendor\codeigniter4\framework\system\Database\BaseConnection.php(593): CodeIgniter\Database\BaseConnection->simpleQuery('INSERT INTO `ba...')
#3 D:\RYZ-PROJECT\CI4\web-kp\vendor\codeigniter4\framework\system\Database\BaseBuilder.php(1916): CodeIgniter\Database\BaseConnection->query('INSERT INTO `ba...', Array, false)
#4 D:\RYZ-PROJECT\CI4\web-kp\vendor\codeigniter4\framework\system\Model.php(279): CodeIgniter\Database\BaseBuilder->insert()
#5 D:\RYZ-PROJECT\CI4\web-kp\vendor\codeigniter4\framework\system\BaseModel.php(749): CodeIgniter\Model->doInsert(Array)
#6 D:\RYZ-PROJECT\CI4\web-kp\vendor\codeigniter4\framework\system\Model.php(667): CodeIgniter\BaseModel->insert(Array, true)
#7 D:\RYZ-PROJECT\CI4\web-kp\app\Controllers\Barang\BarangController.php(55): CodeIgniter\Model->insert(Array)
#8 D:\RYZ-PROJECT\CI4\web-kp\vendor\codeigniter4\framework\system\CodeIgniter.php(927): App\Controllers\Barang\BarangController->add()
#9 D:\RYZ-PROJECT\CI4\web-kp\vendor\codeigniter4\framework\system\CodeIgniter.php(482): CodeIgniter\CodeIgniter->runController(Object(App\Controllers\Barang\BarangController))
#10 D:\RYZ-PROJECT\CI4\web-kp\vendor\codeigniter4\framework\system\CodeIgniter.php(351): CodeIgniter\CodeIgniter->handleRequest(NULL, Object(Config\Cache), false)
#11 D:\RYZ-PROJECT\CI4\web-kp\public\index.php(67): CodeIgniter\CodeIgniter->run()
#12 D:\RYZ-PROJECT\CI4\web-kp\vendor\codeigniter4\framework\system\Commands\Server\rewrite.php(46): require_once('D:\\RYZ-PROJECT\\...')
#13 {main}
CRITICAL - 2022-11-07 04:16:44 --> Column 'nama_barang' cannot be null
in SYSTEMPATH\Database\MySQLi\Connection.php on line 292.
 1 SYSTEMPATH\Database\MySQLi\Connection.php(292): mysqli->query('INSERT INTO `barang` (`nama_barang`, `jenis_barang`, `merk`, `harga`, `stok`) VALUES (NULL, NULL, NULL, NULL, NULL)', 0)
 2 SYSTEMPATH\Database\BaseConnection.php(666): CodeIgniter\Database\MySQLi\Connection->execute('INSERT INTO `barang` (`nama_barang`, `jenis_barang`, `merk`, `harga`, `stok`) VALUES (NULL, NULL, NULL, NULL, NULL)')
 3 SYSTEMPATH\Database\BaseConnection.php(593): CodeIgniter\Database\BaseConnection->simpleQuery('INSERT INTO `barang` (`nama_barang`, `jenis_barang`, `merk`, `harga`, `stok`) VALUES (NULL, NULL, NULL, NULL, NULL)')
 4 SYSTEMPATH\Database\BaseBuilder.php(1916): CodeIgniter\Database\BaseConnection->query('INSERT INTO `barang` (`nama_barang`, `jenis_barang`, `merk`, `harga`, `stok`) VALUES (:nama_barang:, :jenis_barang:, :merk:, :harga:, :stok:)', [...], false)
 5 SYSTEMPATH\Model.php(279): CodeIgniter\Database\BaseBuilder->insert()
 6 SYSTEMPATH\BaseModel.php(749): CodeIgniter\Model->doInsert([...])
 7 SYSTEMPATH\Model.php(667): CodeIgniter\BaseModel->insert([...], true)
 8 APPPATH\Controllers\Barang\BarangController.php(55): CodeIgniter\Model->insert([...])
 9 SYSTEMPATH\CodeIgniter.php(927): App\Controllers\Barang\BarangController->add()
10 SYSTEMPATH\CodeIgniter.php(482): CodeIgniter\CodeIgniter->runController(Object(App\Controllers\Barang\BarangController))
11 SYSTEMPATH\CodeIgniter.php(351): CodeIgniter\CodeIgniter->handleRequest(null, Object(Config\Cache), false)
12 FCPATH\index.php(67): CodeIgniter\CodeIgniter->run()
13 SYSTEMPATH\Commands\Server\rewrite.php(46): require_once('FCPATH\\index.php')
ERROR - 2022-11-07 04:22:35 --> mysqli_sql_exception: Column 'nama_barang' cannot be null in D:\RYZ-PROJECT\CI4\web-kp\vendor\codeigniter4\framework\system\Database\MySQLi\Connection.php:292
Stack trace:
#0 D:\RYZ-PROJECT\CI4\web-kp\vendor\codeigniter4\framework\system\Database\MySQLi\Connection.php(292): mysqli->query('INSERT INTO `ba...', 0)
#1 D:\RYZ-PROJECT\CI4\web-kp\vendor\codeigniter4\framework\system\Database\BaseConnection.php(666): CodeIgniter\Database\MySQLi\Connection->execute('INSERT INTO `ba...')
#2 D:\RYZ-PROJECT\CI4\web-kp\vendor\codeigniter4\framework\system\Database\BaseConnection.php(593): CodeIgniter\Database\BaseConnection->simpleQuery('INSERT INTO `ba...')
#3 D:\RYZ-PROJECT\CI4\web-kp\vendor\codeigniter4\framework\system\Database\BaseBuilder.php(1916): CodeIgniter\Database\BaseConnection->query('INSERT INTO `ba...', Array, false)
#4 D:\RYZ-PROJECT\CI4\web-kp\vendor\codeigniter4\framework\system\Model.php(279): CodeIgniter\Database\BaseBuilder->insert()
#5 D:\RYZ-PROJECT\CI4\web-kp\vendor\codeigniter4\framework\system\BaseModel.php(749): CodeIgniter\Model->doInsert(Array)
#6 D:\RYZ-PROJECT\CI4\web-kp\vendor\codeigniter4\framework\system\Model.php(667): CodeIgniter\BaseModel->insert(Array, true)
#7 D:\RYZ-PROJECT\CI4\web-kp\app\Controllers\Barang\BarangController.php(59): CodeIgniter\Model->insert(Array)
#8 D:\RYZ-PROJECT\CI4\web-kp\vendor\codeigniter4\framework\system\CodeIgniter.php(927): App\Controllers\Barang\BarangController->add()
#9 D:\RYZ-PROJECT\CI4\web-kp\vendor\codeigniter4\framework\system\CodeIgniter.php(482): CodeIgniter\CodeIgniter->runController(Object(App\Controllers\Barang\BarangController))
#10 D:\RYZ-PROJECT\CI4\web-kp\vendor\codeigniter4\framework\system\CodeIgniter.php(351): CodeIgniter\CodeIgniter->handleRequest(NULL, Object(Config\Cache), false)
#11 D:\RYZ-PROJECT\CI4\web-kp\public\index.php(67): CodeIgniter\CodeIgniter->run()
#12 D:\RYZ-PROJECT\CI4\web-kp\vendor\codeigniter4\framework\system\Commands\Server\rewrite.php(46): require_once('D:\\RYZ-PROJECT\\...')
#13 {main}
CRITICAL - 2022-11-07 04:22:35 --> Column 'nama_barang' cannot be null
in SYSTEMPATH\Database\MySQLi\Connection.php on line 292.
 1 SYSTEMPATH\Database\MySQLi\Connection.php(292): mysqli->query('INSERT INTO `barang` (`nama_barang`, `jenis_barang`, `merk`, `harga`, `stok`) VALUES (NULL, NULL, NULL, NULL, NULL)', 0)
 2 SYSTEMPATH\Database\BaseConnection.php(666): CodeIgniter\Database\MySQLi\Connection->execute('INSERT INTO `barang` (`nama_barang`, `jenis_barang`, `merk`, `harga`, `stok`) VALUES (NULL, NULL, NULL, NULL, NULL)')
 3 SYSTEMPATH\Database\BaseConnection.php(593): CodeIgniter\Database\BaseConnection->simpleQuery('INSERT INTO `barang` (`nama_barang`, `jenis_barang`, `merk`, `harga`, `stok`) VALUES (NULL, NULL, NULL, NULL, NULL)')
 4 SYSTEMPATH\Database\BaseBuilder.php(1916): CodeIgniter\Database\BaseConnection->query('INSERT INTO `barang` (`nama_barang`, `jenis_barang`, `merk`, `harga`, `stok`) VALUES (:nama_barang:, :jenis_barang:, :merk:, :harga:, :stok:)', [...], false)
 5 SYSTEMPATH\Model.php(279): CodeIgniter\Database\BaseBuilder->insert()
 6 SYSTEMPATH\BaseModel.php(749): CodeIgniter\Model->doInsert([...])
 7 SYSTEMPATH\Model.php(667): CodeIgniter\BaseModel->insert([...], true)
 8 APPPATH\Controllers\Barang\BarangController.php(59): CodeIgniter\Model->insert([...])
 9 SYSTEMPATH\CodeIgniter.php(927): App\Controllers\Barang\BarangController->add()
10 SYSTEMPATH\CodeIgniter.php(482): CodeIgniter\CodeIgniter->runController(Object(App\Controllers\Barang\BarangController))
11 SYSTEMPATH\CodeIgniter.php(351): CodeIgniter\CodeIgniter->handleRequest(null, Object(Config\Cache), false)
12 FCPATH\index.php(67): CodeIgniter\CodeIgniter->run()
13 SYSTEMPATH\Commands\Server\rewrite.php(46): require_once('FCPATH\\index.php')
CRITICAL - 2022-11-07 04:23:00 --> Undefined variable: judul
in APPPATH\Views\Layout\PageLayout.php on line 7.
 1 APPPATH\Views\Layout\PageLayout.php(7): CodeIgniter\Debug\Exceptions->errorHandler(8, 'Undefined variable: judul', 'APPPATH\\Views\\Layout\\PageLayout.php', 7, [])
 2 SYSTEMPATH\View\View.php(213): include('APPPATH\\Views\\Layout\\PageLayout.php')
 3 SYSTEMPATH\View\View.php(216): CodeIgniter\View\View->CodeIgniter\View\{closure}()
 4 SYSTEMPATH\View\View.php(229): CodeIgniter\View\View->render('Layout/PageLayout', [], true)
 5 SYSTEMPATH\Common.php(1134): CodeIgniter\View\View->render('Barang/Add-Barang', [], true)
 6 APPPATH\Controllers\Barang\BarangController.php(49): view('Barang/Add-Barang')
 7 SYSTEMPATH\CodeIgniter.php(927): App\Controllers\Barang\BarangController->add()
 8 SYSTEMPATH\CodeIgniter.php(482): CodeIgniter\CodeIgniter->runController(Object(App\Controllers\Barang\BarangController))
 9 SYSTEMPATH\CodeIgniter.php(351): CodeIgniter\CodeIgniter->handleRequest(null, Object(Config\Cache), false)
10 FCPATH\index.php(67): CodeIgniter\CodeIgniter->run()
11 SYSTEMPATH\Commands\Server\rewrite.php(46): require_once('FCPATH\\index.php')
ERROR - 2022-11-07 04:23:07 --> mysqli_sql_exception: Column 'nama_barang' cannot be null in D:\RYZ-PROJECT\CI4\web-kp\vendor\codeigniter4\framework\system\Database\MySQLi\Connection.php:292
Stack trace:
#0 D:\RYZ-PROJECT\CI4\web-kp\vendor\codeigniter4\framework\system\Database\MySQLi\Connection.php(292): mysqli->query('INSERT INTO `ba...', 0)
#1 D:\RYZ-PROJECT\CI4\web-kp\vendor\codeigniter4\framework\system\Database\BaseConnection.php(666): CodeIgniter\Database\MySQLi\Connection->execute('INSERT INTO `ba...')
#2 D:\RYZ-PROJECT\CI4\web-kp\vendor\codeigniter4\framework\system\Database\BaseConnection.php(593): CodeIgniter\Database\BaseConnection->simpleQuery('INSERT INTO `ba...')
#3 D:\RYZ-PROJECT\CI4\web-kp\vendor\codeigniter4\framework\system\Database\BaseBuilder.php(1916): CodeIgniter\Database\BaseConnection->query('INSERT INTO `ba...', Array, false)
#4 D:\RYZ-PROJECT\CI4\web-kp\vendor\codeigniter4\framework\system\Model.php(279): CodeIgniter\Database\BaseBuilder->insert()
#5 D:\RYZ-PROJECT\CI4\web-kp\vendor\codeigniter4\framework\system\BaseModel.php(749): CodeIgniter\Model->doInsert(Array)
#6 D:\RYZ-PROJECT\CI4\web-kp\vendor\codeigniter4\framework\system\Model.php(667): CodeIgniter\BaseModel->insert(Array, true)
#7 D:\RYZ-PROJECT\CI4\web-kp\app\Controllers\Barang\BarangController.php(60): CodeIgniter\Model->insert(Array)
#8 D:\RYZ-PROJECT\CI4\web-kp\vendor\codeigniter4\framework\system\CodeIgniter.php(927): App\Controllers\Barang\BarangController->add()
#9 D:\RYZ-PROJECT\CI4\web-kp\vendor\codeigniter4\framework\system\CodeIgniter.php(482): CodeIgniter\CodeIgniter->runController(Object(App\Controllers\Barang\BarangController))
#10 D:\RYZ-PROJECT\CI4\web-kp\vendor\codeigniter4\framework\system\CodeIgniter.php(351): CodeIgniter\CodeIgniter->handleRequest(NULL, Object(Config\Cache), false)
#11 D:\RYZ-PROJECT\CI4\web-kp\public\index.php(67): CodeIgniter\CodeIgniter->run()
#12 D:\RYZ-PROJECT\CI4\web-kp\vendor\codeigniter4\framework\system\Commands\Server\rewrite.php(46): require_once('D:\\RYZ-PROJECT\\...')
#13 {main}
CRITICAL - 2022-11-07 04:23:07 --> Column 'nama_barang' cannot be null
in SYSTEMPATH\Database\MySQLi\Connection.php on line 292.
 1 SYSTEMPATH\Database\MySQLi\Connection.php(292): mysqli->query('INSERT INTO `barang` (`nama_barang`, `jenis_barang`, `merk`, `harga`, `stok`) VALUES (NULL, NULL, NULL, NULL, NULL)', 0)
 2 SYSTEMPATH\Database\BaseConnection.php(666): CodeIgniter\Database\MySQLi\Connection->execute('INSERT INTO `barang` (`nama_barang`, `jenis_barang`, `merk`, `harga`, `stok`) VALUES (NULL, NULL, NULL, NULL, NULL)')
 3 SYSTEMPATH\Database\BaseConnection.php(593): CodeIgniter\Database\BaseConnection->simpleQuery('INSERT INTO `barang` (`nama_barang`, `jenis_barang`, `merk`, `harga`, `stok`) VALUES (NULL, NULL, NULL, NULL, NULL)')
 4 SYSTEMPATH\Database\BaseBuilder.php(1916): CodeIgniter\Database\BaseConnection->query('INSERT INTO `barang` (`nama_barang`, `jenis_barang`, `merk`, `harga`, `stok`) VALUES (:nama_barang:, :jenis_barang:, :merk:, :harga:, :stok:)', [...], false)
 5 SYSTEMPATH\Model.php(279): CodeIgniter\Database\BaseBuilder->insert()
 6 SYSTEMPATH\BaseModel.php(749): CodeIgniter\Model->doInsert([...])
 7 SYSTEMPATH\Model.php(667): CodeIgniter\BaseModel->insert([...], true)
 8 APPPATH\Controllers\Barang\BarangController.php(60): CodeIgniter\Model->insert([...])
 9 SYSTEMPATH\CodeIgniter.php(927): App\Controllers\Barang\BarangController->add()
10 SYSTEMPATH\CodeIgniter.php(482): CodeIgniter\CodeIgniter->runController(Object(App\Controllers\Barang\BarangController))
11 SYSTEMPATH\CodeIgniter.php(351): CodeIgniter\CodeIgniter->handleRequest(null, Object(Config\Cache), false)
12 FCPATH\index.php(67): CodeIgniter\CodeIgniter->run()
13 SYSTEMPATH\Commands\Server\rewrite.php(46): require_once('FCPATH\\index.php')
ERROR - 2022-11-07 04:23:55 --> mysqli_sql_exception: Column 'nama_barang' cannot be null in D:\RYZ-PROJECT\CI4\web-kp\vendor\codeigniter4\framework\system\Database\MySQLi\Connection.php:292
Stack trace:
#0 D:\RYZ-PROJECT\CI4\web-kp\vendor\codeigniter4\framework\system\Database\MySQLi\Connection.php(292): mysqli->query('INSERT INTO `ba...', 0)
#1 D:\RYZ-PROJECT\CI4\web-kp\vendor\codeigniter4\framework\system\Database\BaseConnection.php(666): CodeIgniter\Database\MySQLi\Connection->execute('INSERT INTO `ba...')
#2 D:\RYZ-PROJECT\CI4\web-kp\vendor\codeigniter4\framework\system\Database\BaseConnection.php(593): CodeIgniter\Database\BaseConnection->simpleQuery('INSERT INTO `ba...')
#3 D:\RYZ-PROJECT\CI4\web-kp\vendor\codeigniter4\framework\system\Database\BaseBuilder.php(1916): CodeIgniter\Database\BaseConnection->query('INSERT INTO `ba...', Array, false)
#4 D:\RYZ-PROJECT\CI4\web-kp\vendor\codeigniter4\framework\system\Model.php(279): CodeIgniter\Database\BaseBuilder->insert()
#5 D:\RYZ-PROJECT\CI4\web-kp\vendor\codeigniter4\framework\system\BaseModel.php(749): CodeIgniter\Model->doInsert(Array)
#6 D:\RYZ-PROJECT\CI4\web-kp\vendor\codeigniter4\framework\system\Model.php(667): CodeIgniter\BaseModel->insert(Array, true)
#7 D:\RYZ-PROJECT\CI4\web-kp\app\Controllers\Barang\BarangController.php(60): CodeIgniter\Model->insert(Array)
#8 D:\RYZ-PROJECT\CI4\web-kp\vendor\codeigniter4\framework\system\CodeIgniter.php(927): App\Controllers\Barang\BarangController->add()
#9 D:\RYZ-PROJECT\CI4\web-kp\vendor\codeigniter4\framework\system\CodeIgniter.php(482): CodeIgniter\CodeIgniter->runController(Object(App\Controllers\Barang\BarangController))
#10 D:\RYZ-PROJECT\CI4\web-kp\vendor\codeigniter4\framework\system\CodeIgniter.php(351): CodeIgniter\CodeIgniter->handleRequest(NULL, Object(Config\Cache), false)
#11 D:\RYZ-PROJECT\CI4\web-kp\public\index.php(67): CodeIgniter\CodeIgniter->run()
#12 D:\RYZ-PROJECT\CI4\web-kp\vendor\codeigniter4\framework\system\Commands\Server\rewrite.php(46): require_once('D:\\RYZ-PROJECT\\...')
#13 {main}
CRITICAL - 2022-11-07 04:23:55 --> Column 'nama_barang' cannot be null
in SYSTEMPATH\Database\MySQLi\Connection.php on line 292.
 1 SYSTEMPATH\Database\MySQLi\Connection.php(292): mysqli->query('INSERT INTO `barang` (`nama_barang`, `jenis_barang`, `merk`, `harga`, `stok`) VALUES (NULL, NULL, NULL, NULL, NULL)', 0)
 2 SYSTEMPATH\Database\BaseConnection.php(666): CodeIgniter\Database\MySQLi\Connection->execute('INSERT INTO `barang` (`nama_barang`, `jenis_barang`, `merk`, `harga`, `stok`) VALUES (NULL, NULL, NULL, NULL, NULL)')
 3 SYSTEMPATH\Database\BaseConnection.php(593): CodeIgniter\Database\BaseConnection->simpleQuery('INSERT INTO `barang` (`nama_barang`, `jenis_barang`, `merk`, `harga`, `stok`) VALUES (NULL, NULL, NULL, NULL, NULL)')
 4 SYSTEMPATH\Database\BaseBuilder.php(1916): CodeIgniter\Database\BaseConnection->query('INSERT INTO `barang` (`nama_barang`, `jenis_barang`, `merk`, `harga`, `stok`) VALUES (:nama_barang:, :jenis_barang:, :merk:, :harga:, :stok:)', [...], false)
 5 SYSTEMPATH\Model.php(279): CodeIgniter\Database\BaseBuilder->insert()
 6 SYSTEMPATH\BaseModel.php(749): CodeIgniter\Model->doInsert([...])
 7 SYSTEMPATH\Model.php(667): CodeIgniter\BaseModel->insert([...], true)
 8 APPPATH\Controllers\Barang\BarangController.php(60): CodeIgniter\Model->insert([...])
 9 SYSTEMPATH\CodeIgniter.php(927): App\Controllers\Barang\BarangController->add()
10 SYSTEMPATH\CodeIgniter.php(482): CodeIgniter\CodeIgniter->runController(Object(App\Controllers\Barang\BarangController))
11 SYSTEMPATH\CodeIgniter.php(351): CodeIgniter\CodeIgniter->handleRequest(null, Object(Config\Cache), false)
12 FCPATH\index.php(67): CodeIgniter\CodeIgniter->run()
13 SYSTEMPATH\Commands\Server\rewrite.php(46): require_once('FCPATH\\index.php')
CRITICAL - 2022-11-07 04:37:21 --> Undefined variable: judul
in APPPATH\Views\Layout\PageLayout.php on line 7.
 1 APPPATH\Views\Layout\PageLayout.php(7): CodeIgniter\Debug\Exceptions->errorHandler(8, 'Undefined variable: judul', 'APPPATH\\Views\\Layout\\PageLayout.php', 7, [])
 2 SYSTEMPATH\View\View.php(213): include('APPPATH\\Views\\Layout\\PageLayout.php')
 3 SYSTEMPATH\View\View.php(216): CodeIgniter\View\View->CodeIgniter\View\{closure}()
 4 SYSTEMPATH\View\View.php(229): CodeIgniter\View\View->render('Layout/PageLayout', [], true)
 5 SYSTEMPATH\Common.php(1134): CodeIgniter\View\View->render('Barang/Add-Barang', [], true)
 6 APPPATH\Controllers\Barang\BarangController.php(66): view('Barang/Add-Barang')
 7 SYSTEMPATH\CodeIgniter.php(927): App\Controllers\Barang\BarangController->add()
 8 SYSTEMPATH\CodeIgniter.php(482): CodeIgniter\CodeIgniter->runController(Object(App\Controllers\Barang\BarangController))
 9 SYSTEMPATH\CodeIgniter.php(351): CodeIgniter\CodeIgniter->handleRequest(null, Object(Config\Cache), false)
10 FCPATH\index.php(67): CodeIgniter\CodeIgniter->run()
11 SYSTEMPATH\Commands\Server\rewrite.php(46): require_once('FCPATH\\index.php')
CRITICAL - 2022-11-07 04:37:39 --> Undefined variable: judul
in APPPATH\Views\Layout\PageLayout.php on line 7.
 1 APPPATH\Views\Layout\PageLayout.php(7): CodeIgniter\Debug\Exceptions->errorHandler(8, 'Undefined variable: judul', 'APPPATH\\Views\\Layout\\PageLayout.php', 7, [])
 2 SYSTEMPATH\View\View.php(213): include('APPPATH\\Views\\Layout\\PageLayout.php')
 3 SYSTEMPATH\View\View.php(216): CodeIgniter\View\View->CodeIgniter\View\{closure}()
 4 SYSTEMPATH\View\View.php(229): CodeIgniter\View\View->render('Layout/PageLayout', [], true)
 5 SYSTEMPATH\Common.php(1134): CodeIgniter\View\View->render('Barang/Add-Barang', [], true)
 6 APPPATH\Controllers\Barang\BarangController.php(66): view('Barang/Add-Barang')
 7 SYSTEMPATH\CodeIgniter.php(927): App\Controllers\Barang\BarangController->add()
 8 SYSTEMPATH\CodeIgniter.php(482): CodeIgniter\CodeIgniter->runController(Object(App\Controllers\Barang\BarangController))
 9 SYSTEMPATH\CodeIgniter.php(351): CodeIgniter\CodeIgniter->handleRequest(null, Object(Config\Cache), false)
10 FCPATH\index.php(67): CodeIgniter\CodeIgniter->run()
11 SYSTEMPATH\Commands\Server\rewrite.php(46): require_once('FCPATH\\index.php')
CRITICAL - 2022-11-07 04:38:23 --> Undefined variable: judul
in APPPATH\Views\Layout\PageLayout.php on line 7.
 1 APPPATH\Views\Layout\PageLayout.php(7): CodeIgniter\Debug\Exceptions->errorHandler(8, 'Undefined variable: judul', 'APPPATH\\Views\\Layout\\PageLayout.php', 7, [])
 2 SYSTEMPATH\View\View.php(213): include('APPPATH\\Views\\Layout\\PageLayout.php')
 3 SYSTEMPATH\View\View.php(216): CodeIgniter\View\View->CodeIgniter\View\{closure}()
 4 SYSTEMPATH\View\View.php(229): CodeIgniter\View\View->render('Layout/PageLayout', [], true)
 5 SYSTEMPATH\Common.php(1134): CodeIgniter\View\View->render('Barang/Add-Barang', [], true)
 6 APPPATH\Controllers\Barang\BarangController.php(74): view('Barang/Add-Barang')
 7 SYSTEMPATH\CodeIgniter.php(927): App\Controllers\Barang\BarangController->add()
 8 SYSTEMPATH\CodeIgniter.php(482): CodeIgniter\CodeIgniter->runController(Object(App\Controllers\Barang\BarangController))
 9 SYSTEMPATH\CodeIgniter.php(351): CodeIgniter\CodeIgniter->handleRequest(null, Object(Config\Cache), false)
10 FCPATH\index.php(67): CodeIgniter\CodeIgniter->run()
11 SYSTEMPATH\Commands\Server\rewrite.php(46): require_once('FCPATH\\index.php')
ERROR - 2022-11-07 04:39:10 --> mysqli_sql_exception: Column 'harga' cannot be null in D:\RYZ-PROJECT\CI4\web-kp\vendor\codeigniter4\framework\system\Database\MySQLi\Connection.php:292
Stack trace:
#0 D:\RYZ-PROJECT\CI4\web-kp\vendor\codeigniter4\framework\system\Database\MySQLi\Connection.php(292): mysqli->query('INSERT INTO `ba...', 0)
#1 D:\RYZ-PROJECT\CI4\web-kp\vendor\codeigniter4\framework\system\Database\BaseConnection.php(666): CodeIgniter\Database\MySQLi\Connection->execute('INSERT INTO `ba...')
#2 D:\RYZ-PROJECT\CI4\web-kp\vendor\codeigniter4\framework\system\Database\BaseConnection.php(593): CodeIgniter\Database\BaseConnection->simpleQuery('INSERT INTO `ba...')
#3 D:\RYZ-PROJECT\CI4\web-kp\vendor\codeigniter4\framework\system\Database\BaseBuilder.php(1916): CodeIgniter\Database\BaseConnection->query('INSERT INTO `ba...', Array, false)
#4 D:\RYZ-PROJECT\CI4\web-kp\vendor\codeigniter4\framework\system\Model.php(279): CodeIgniter\Database\BaseBuilder->insert()
#5 D:\RYZ-PROJECT\CI4\web-kp\vendor\codeigniter4\framework\system\BaseModel.php(749): CodeIgniter\Model->doInsert(Array)
#6 D:\RYZ-PROJECT\CI4\web-kp\vendor\codeigniter4\framework\system\Model.php(667): CodeIgniter\BaseModel->insert(Array, true)
#7 D:\RYZ-PROJECT\CI4\web-kp\app\Controllers\Barang\BarangController.php(68): CodeIgniter\Model->insert(Array)
#8 D:\RYZ-PROJECT\CI4\web-kp\vendor\codeigniter4\framework\system\CodeIgniter.php(927): App\Controllers\Barang\BarangController->add()
#9 D:\RYZ-PROJECT\CI4\web-kp\vendor\codeigniter4\framework\system\CodeIgniter.php(482): CodeIgniter\CodeIgniter->runController(Object(App\Controllers\Barang\BarangController))
#10 D:\RYZ-PROJECT\CI4\web-kp\vendor\codeigniter4\framework\system\CodeIgniter.php(351): CodeIgniter\CodeIgniter->handleRequest(NULL, Object(Config\Cache), false)
#11 D:\RYZ-PROJECT\CI4\web-kp\public\index.php(67): CodeIgniter\CodeIgniter->run()
#12 D:\RYZ-PROJECT\CI4\web-kp\vendor\codeigniter4\framework\system\Commands\Server\rewrite.php(46): require_once('D:\\RYZ-PROJECT\\...')
#13 {main}
CRITICAL - 2022-11-07 04:39:10 --> Column 'harga' cannot be null
in SYSTEMPATH\Database\MySQLi\Connection.php on line 292.
 1 SYSTEMPATH\Database\MySQLi\Connection.php(292): mysqli->query('INSERT INTO `barang` (`nama_barang`, `jenis_barang`, `merk`, `harga`, `stok`) VALUES (\'Sepeda Dewasa\', \'MTB\', \'Wim Cycle\', NULL, \'20\')', 0)
 2 SYSTEMPATH\Database\BaseConnection.php(666): CodeIgniter\Database\MySQLi\Connection->execute('INSERT INTO `barang` (`nama_barang`, `jenis_barang`, `merk`, `harga`, `stok`) VALUES (\'Sepeda Dewasa\', \'MTB\', \'Wim Cycle\', NULL, \'20\')')
 3 SYSTEMPATH\Database\BaseConnection.php(593): CodeIgniter\Database\BaseConnection->simpleQuery('INSERT INTO `barang` (`nama_barang`, `jenis_barang`, `merk`, `harga`, `stok`) VALUES (\'Sepeda Dewasa\', \'MTB\', \'Wim Cycle\', NULL, \'20\')')
 4 SYSTEMPATH\Database\BaseBuilder.php(1916): CodeIgniter\Database\BaseConnection->query('INSERT INTO `barang` (`nama_barang`, `jenis_barang`, `merk`, `harga`, `stok`) VALUES (:nama_barang:, :jenis_barang:, :merk:, :harga:, :stok:)', [...], false)
 5 SYSTEMPATH\Model.php(279): CodeIgniter\Database\BaseBuilder->insert()
 6 SYSTEMPATH\BaseModel.php(749): CodeIgniter\Model->doInsert([...])
 7 SYSTEMPATH\Model.php(667): CodeIgniter\BaseModel->insert([...], true)
 8 APPPATH\Controllers\Barang\BarangController.php(68): CodeIgniter\Model->insert([...])
 9 SYSTEMPATH\CodeIgniter.php(927): App\Controllers\Barang\BarangController->add()
10 SYSTEMPATH\CodeIgniter.php(482): CodeIgniter\CodeIgniter->runController(Object(App\Controllers\Barang\BarangController))
11 SYSTEMPATH\CodeIgniter.php(351): CodeIgniter\CodeIgniter->handleRequest(null, Object(Config\Cache), false)
12 FCPATH\index.php(67): CodeIgniter\CodeIgniter->run()
13 SYSTEMPATH\Commands\Server\rewrite.php(46): require_once('FCPATH\\index.php')
CRITICAL - 2022-11-07 04:39:27 --> The route for "Barang/Read-Barang" cannot be found.
in SYSTEMPATH\HTTP\RedirectResponse.php on line 60.
 1 SYSTEMPATH\HTTP\RedirectResponse.php(60): CodeIgniter\HTTP\Exceptions\HTTPException::forInvalidRedirectRoute('Barang/Read-Barang')
 2 SYSTEMPATH\Common.php(860): CodeIgniter\HTTP\RedirectResponse->route(false)
 3 APPPATH\Controllers\Barang\BarangController.php(70): redirect('Barang/Read-Barang', [...])
 4 SYSTEMPATH\CodeIgniter.php(927): App\Controllers\Barang\BarangController->add()
 5 SYSTEMPATH\CodeIgniter.php(482): CodeIgniter\CodeIgniter->runController(Object(App\Controllers\Barang\BarangController))
 6 SYSTEMPATH\CodeIgniter.php(351): CodeIgniter\CodeIgniter->handleRequest(null, Object(Config\Cache), false)
 7 FCPATH\index.php(67): CodeIgniter\CodeIgniter->run()
 8 SYSTEMPATH\Commands\Server\rewrite.php(46): require_once('FCPATH\\index.php')
CRITICAL - 2022-11-07 11:15:03 --> Undefined variable: data
in APPPATH\Views\Barang\Read-Barang.php on line 33.
 1 APPPATH\Views\Barang\Read-Barang.php(33): CodeIgniter\Debug\Exceptions->errorHandler(8, 'Undefined variable: data', 'APPPATH\\Views\\Barang\\Read-Barang.php', 33, [...])
 2 SYSTEMPATH\View\View.php(213): include('APPPATH\\Views\\Barang\\Read-Barang.php')
 3 SYSTEMPATH\View\View.php(216): CodeIgniter\View\View->CodeIgniter\View\{closure}()
 4 SYSTEMPATH\Common.php(1134): CodeIgniter\View\View->render('Barang/Read-Barang', [], true)
 5 APPPATH\Controllers\Barang\BarangController.php(37): view('Barang/Read-Barang', [...])
 6 SYSTEMPATH\CodeIgniter.php(927): App\Controllers\Barang\BarangController->read()
 7 SYSTEMPATH\CodeIgniter.php(482): CodeIgniter\CodeIgniter->runController(Object(App\Controllers\Barang\BarangController))
 8 SYSTEMPATH\CodeIgniter.php(351): CodeIgniter\CodeIgniter->handleRequest(null, Object(Config\Cache), false)
 9 FCPATH\index.php(67): CodeIgniter\CodeIgniter->run()
10 SYSTEMPATH\Commands\Server\rewrite.php(46): require_once('FCPATH\\index.php')
CRITICAL - 2022-11-07 11:24:50 --> Undefined index: jenis
in APPPATH\Views\Barang\Update-Barang.php on line 40.
 1 APPPATH\Views\Barang\Update-Barang.php(40): CodeIgniter\Debug\Exceptions->errorHandler(8, 'Undefined index: jenis', 'APPPATH\\Views\\Barang\\Update-Barang.php', 40, [...])
 2 SYSTEMPATH\View\View.php(213): include('APPPATH\\Views\\Barang\\Update-Barang.php')
 3 SYSTEMPATH\View\View.php(216): CodeIgniter\View\View->CodeIgniter\View\{closure}()
 4 SYSTEMPATH\Common.php(1134): CodeIgniter\View\View->render('Barang/Update-Barang', [], true)
 5 APPPATH\Controllers\Barang\BarangController.php(111): view('Barang/Update-Barang', [...])
 6 SYSTEMPATH\CodeIgniter.php(927): App\Controllers\Barang\BarangController->update('1')
 7 SYSTEMPATH\CodeIgniter.php(482): CodeIgniter\CodeIgniter->runController(Object(App\Controllers\Barang\BarangController))
 8 SYSTEMPATH\CodeIgniter.php(351): CodeIgniter\CodeIgniter->handleRequest(null, Object(Config\Cache), false)
 9 FCPATH\index.php(67): CodeIgniter\CodeIgniter->run()
10 SYSTEMPATH\Commands\Server\rewrite.php(46): require_once('FCPATH\\index.php')
CRITICAL - 2022-11-07 12:21:30 --> Undefined variable: data
in APPPATH\Views\Barang\Read-Barang.php on line 150.
 1 APPPATH\Views\Barang\Read-Barang.php(150): CodeIgniter\Debug\Exceptions->errorHandler(8, 'Undefined variable: data', 'APPPATH\\Views\\Barang\\Read-Barang.php', 150, [...])
 2 SYSTEMPATH\View\View.php(213): include('APPPATH\\Views\\Barang\\Read-Barang.php')
 3 SYSTEMPATH\View\View.php(216): CodeIgniter\View\View->CodeIgniter\View\{closure}()
 4 SYSTEMPATH\Common.php(1134): CodeIgniter\View\View->render('Barang/Read-Barang', [], true)
 5 APPPATH\Controllers\Barang\BarangController.php(37): view('Barang/Read-Barang', [...])
 6 SYSTEMPATH\CodeIgniter.php(927): App\Controllers\Barang\BarangController->read()
 7 SYSTEMPATH\CodeIgniter.php(482): CodeIgniter\CodeIgniter->runController(Object(App\Controllers\Barang\BarangController))
 8 SYSTEMPATH\CodeIgniter.php(351): CodeIgniter\CodeIgniter->handleRequest(null, Object(Config\Cache), false)
 9 FCPATH\index.php(67): CodeIgniter\CodeIgniter->run()
10 SYSTEMPATH\Commands\Server\rewrite.php(46): require_once('FCPATH\\index.php')
CRITICAL - 2022-11-07 12:22:00 --> Undefined variable: data
in APPPATH\Views\Barang\Read-Barang.php on line 150.
 1 APPPATH\Views\Barang\Read-Barang.php(150): CodeIgniter\Debug\Exceptions->errorHandler(8, 'Undefined variable: data', 'APPPATH\\Views\\Barang\\Read-Barang.php', 150, [...])
 2 SYSTEMPATH\View\View.php(213): include('APPPATH\\Views\\Barang\\Read-Barang.php')
 3 SYSTEMPATH\View\View.php(216): CodeIgniter\View\View->CodeIgniter\View\{closure}()
 4 SYSTEMPATH\Common.php(1134): CodeIgniter\View\View->render('Barang/Read-Barang', [], true)
 5 APPPATH\Controllers\Barang\BarangController.php(37): view('Barang/Read-Barang', [...])
 6 SYSTEMPATH\CodeIgniter.php(927): App\Controllers\Barang\BarangController->read()
 7 SYSTEMPATH\CodeIgniter.php(482): CodeIgniter\CodeIgniter->runController(Object(App\Controllers\Barang\BarangController))
 8 SYSTEMPATH\CodeIgniter.php(351): CodeIgniter\CodeIgniter->handleRequest(null, Object(Config\Cache), false)
 9 FCPATH\index.php(67): CodeIgniter\CodeIgniter->run()
10 SYSTEMPATH\Commands\Server\rewrite.php(46): require_once('FCPATH\\index.php')
