CRITICAL - 2022-12-17 03:15:36 --> Invalid file: Transakasi/Index.php
in SYSTEMPATH\Exceptions\FrameworkException.php on line 33.
 1 SYSTEMPATH\View\View.php(201): CodeIgniter\Exceptions\FrameworkException::forInvalidFile('Transakasi/Index.php')
 2 SYSTEMPATH\Common.php(1134): CodeIgniter\View\View->render('Transakasi/Index', [], true)
 3 APPPATH\Controllers\Transaksi\TransaksiController.php(12): view('Transakasi/Index')
 4 SYSTEMPATH\CodeIgniter.php(927): App\Controllers\Transaksi\TransaksiController->index()
 5 SYSTEMPATH\CodeIgniter.php(482): CodeIgniter\CodeIgniter->runController(Object(App\Controllers\Transaksi\TransaksiController))
 6 SYSTEMPATH\CodeIgniter.php(351): CodeIgniter\CodeIgniter->handleRequest(null, Object(Config\Cache), false)
 7 FCPATH\index.php(67): CodeIgniter\CodeIgniter->run()
 8 SYSTEMPATH\Commands\Server\rewrite.php(46): require_once('FCPATH\\index.php')
CRITICAL - 2022-12-17 03:16:04 --> Undefined variable: judul
in APPPATH\Views\Layout\PageLayout.php on line 7.
 1 APPPATH\Views\Layout\PageLayout.php(7): CodeIgniter\Debug\Exceptions->errorHandler(8, 'Undefined variable: judul', 'APPPATH\\Views\\Layout\\PageLayout.php', 7, [])
 2 SYSTEMPATH\View\View.php(213): include('APPPATH\\Views\\Layout\\PageLayout.php')
 3 SYSTEMPATH\View\View.php(216): CodeIgniter\View\View->CodeIgniter\View\{closure}()
 4 SYSTEMPATH\View\View.php(229): CodeIgniter\View\View->render('Layout/PageLayout', [], true)
 5 SYSTEMPATH\Common.php(1134): CodeIgniter\View\View->render('Transaksi/Index', [], true)
 6 APPPATH\Controllers\Transaksi\TransaksiController.php(12): view('Transaksi/Index')
 7 SYSTEMPATH\CodeIgniter.php(927): App\Controllers\Transaksi\TransaksiController->index()
 8 SYSTEMPATH\CodeIgniter.php(482): CodeIgniter\CodeIgniter->runController(Object(App\Controllers\Transaksi\TransaksiController))
 9 SYSTEMPATH\CodeIgniter.php(351): CodeIgniter\CodeIgniter->handleRequest(null, Object(Config\Cache), false)
10 FCPATH\index.php(67): CodeIgniter\CodeIgniter->run()
11 SYSTEMPATH\Commands\Server\rewrite.php(46): require_once('FCPATH\\index.php')
CRITICAL - 2022-12-17 03:16:46 --> Undefined variable: aktif
in APPPATH\Views\Layout\PageLayout.php on line 91.
 1 APPPATH\Views\Layout\PageLayout.php(91): CodeIgniter\Debug\Exceptions->errorHandler(8, 'Undefined variable: aktif', 'APPPATH\\Views\\Layout\\PageLayout.php', 91, [...])
 2 SYSTEMPATH\View\View.php(213): include('APPPATH\\Views\\Layout\\PageLayout.php')
 3 SYSTEMPATH\View\View.php(216): CodeIgniter\View\View->CodeIgniter\View\{closure}()
 4 SYSTEMPATH\View\View.php(229): CodeIgniter\View\View->render('Layout/PageLayout', [], true)
 5 SYSTEMPATH\Common.php(1134): CodeIgniter\View\View->render('Transaksi/Index', [], true)
 6 APPPATH\Controllers\Transaksi\TransaksiController.php(16): view('Transaksi/Index', [...])
 7 SYSTEMPATH\CodeIgniter.php(927): App\Controllers\Transaksi\TransaksiController->index()
 8 SYSTEMPATH\CodeIgniter.php(482): CodeIgniter\CodeIgniter->runController(Object(App\Controllers\Transaksi\TransaksiController))
 9 SYSTEMPATH\CodeIgniter.php(351): CodeIgniter\CodeIgniter->handleRequest(null, Object(Config\Cache), false)
10 FCPATH\index.php(67): CodeIgniter\CodeIgniter->run()
11 SYSTEMPATH\Commands\Server\rewrite.php(46): require_once('FCPATH\\index.php')
CRITICAL - 2022-12-17 04:10:23 --> Undefined variable: data
in APPPATH\Views\Transaksi\Index.php on line 33.
 1 APPPATH\Views\Transaksi\Index.php(33): CodeIgniter\Debug\Exceptions->errorHandler(8, 'Undefined variable: data', 'APPPATH\\Views\\Transaksi\\Index.php', 33, [...])
 2 SYSTEMPATH\View\View.php(213): include('APPPATH\\Views\\Transaksi\\Index.php')
 3 SYSTEMPATH\View\View.php(216): CodeIgniter\View\View->CodeIgniter\View\{closure}()
 4 SYSTEMPATH\Common.php(1134): CodeIgniter\View\View->render('Transaksi/Index', [], true)
 5 APPPATH\Controllers\Transaksi\TransaksiController.php(25): view('Transaksi/Index', [...])
 6 SYSTEMPATH\CodeIgniter.php(927): App\Controllers\Transaksi\TransaksiController->index()
 7 SYSTEMPATH\CodeIgniter.php(482): CodeIgniter\CodeIgniter->runController(Object(App\Controllers\Transaksi\TransaksiController))
 8 SYSTEMPATH\CodeIgniter.php(351): CodeIgniter\CodeIgniter->handleRequest(null, Object(Config\Cache), false)
 9 FCPATH\index.php(67): CodeIgniter\CodeIgniter->run()
10 SYSTEMPATH\Commands\Server\rewrite.php(46): require_once('FCPATH\\index.php')
CRITICAL - 2022-12-17 08:30:13 --> Undefined index: id
in APPPATH\Views\Barang\Read-Barang.php on line 66.
 1 APPPATH\Views\Barang\Read-Barang.php(66): CodeIgniter\Debug\Exceptions->errorHandler(8, 'Undefined index: id', 'APPPATH\\Views\\Barang\\Read-Barang.php', 66, [...])
 2 SYSTEMPATH\View\View.php(213): include('APPPATH\\Views\\Barang\\Read-Barang.php')
 3 SYSTEMPATH\View\View.php(216): CodeIgniter\View\View->CodeIgniter\View\{closure}()
 4 SYSTEMPATH\Common.php(1134): CodeIgniter\View\View->render('Barang/Read-Barang', [], true)
 5 APPPATH\Controllers\Barang\BarangController.php(39): view('Barang/Read-Barang', [...])
 6 SYSTEMPATH\CodeIgniter.php(927): App\Controllers\Barang\BarangController->read()
 7 SYSTEMPATH\CodeIgniter.php(482): CodeIgniter\CodeIgniter->runController(Object(App\Controllers\Barang\BarangController))
 8 SYSTEMPATH\CodeIgniter.php(351): CodeIgniter\CodeIgniter->handleRequest(null, Object(Config\Cache), false)
 9 FCPATH\index.php(67): CodeIgniter\CodeIgniter->run()
10 SYSTEMPATH\Commands\Server\rewrite.php(46): require_once('FCPATH\\index.php')
ERROR - 2022-12-17 08:30:42 --> mysqli_sql_exception: Unknown column 'barang.id' in 'where clause' in D:\RYZ-PROJECT\CI4\web-kp\vendor\codeigniter4\framework\system\Database\MySQLi\Connection.php:292
Stack trace:
#0 D:\RYZ-PROJECT\CI4\web-kp\vendor\codeigniter4\framework\system\Database\MySQLi\Connection.php(292): mysqli->query('UPDATE `barang`...', 0)
#1 D:\RYZ-PROJECT\CI4\web-kp\vendor\codeigniter4\framework\system\Database\BaseConnection.php(666): CodeIgniter\Database\MySQLi\Connection->execute('UPDATE `barang`...')
#2 D:\RYZ-PROJECT\CI4\web-kp\vendor\codeigniter4\framework\system\Database\BaseConnection.php(593): CodeIgniter\Database\BaseConnection->simpleQuery('UPDATE `barang`...')
#3 D:\RYZ-PROJECT\CI4\web-kp\vendor\codeigniter4\framework\system\Database\BaseBuilder.php(2079): CodeIgniter\Database\BaseConnection->query('UPDATE `barang`...', Array, false)
#4 D:\RYZ-PROJECT\CI4\web-kp\vendor\codeigniter4\framework\system\Model.php(338): CodeIgniter\Database\BaseBuilder->update()
#5 D:\RYZ-PROJECT\CI4\web-kp\vendor\codeigniter4\framework\system\BaseModel.php(886): CodeIgniter\Model->doUpdate(Array, Array)
#6 D:\RYZ-PROJECT\CI4\web-kp\vendor\codeigniter4\framework\system\Model.php(693): CodeIgniter\BaseModel->update(Array, Array)
#7 D:\RYZ-PROJECT\CI4\web-kp\app\Controllers\Barang\BarangController.php(111): CodeIgniter\Model->update('17', Array)
#8 D:\RYZ-PROJECT\CI4\web-kp\vendor\codeigniter4\framework\system\CodeIgniter.php(927): App\Controllers\Barang\BarangController->update('17')
#9 D:\RYZ-PROJECT\CI4\web-kp\vendor\codeigniter4\framework\system\CodeIgniter.php(482): CodeIgniter\CodeIgniter->runController(Object(App\Controllers\Barang\BarangController))
#10 D:\RYZ-PROJECT\CI4\web-kp\vendor\codeigniter4\framework\system\CodeIgniter.php(351): CodeIgniter\CodeIgniter->handleRequest(NULL, Object(Config\Cache), false)
#11 D:\RYZ-PROJECT\CI4\web-kp\public\index.php(67): CodeIgniter\CodeIgniter->run()
#12 D:\RYZ-PROJECT\CI4\web-kp\vendor\codeigniter4\framework\system\Commands\Server\rewrite.php(46): require_once('D:\\RYZ-PROJECT\\...')
#13 {main}
CRITICAL - 2022-12-17 08:30:42 --> Unknown column 'barang.id' in 'where clause'
in SYSTEMPATH\Database\MySQLi\Connection.php on line 292.
 1 SYSTEMPATH\Database\MySQLi\Connection.php(292): mysqli->query('UPDATE `barang` SET `nama_barang` = \'Sepeda Dewasa\', `jenis_barang` = \'BMX\', `merk` = \'Wim Cycle\', `supplier` = \'CV. Pratama Indah\', `harga` = \'4000000\', `stok` = \'20\'
WHERE `barang`.`id` IN (\'17\')', 0)
 2 SYSTEMPATH\Database\BaseConnection.php(666): CodeIgniter\Database\MySQLi\Connection->execute('UPDATE `barang` SET `nama_barang` = \'Sepeda Dewasa\', `jenis_barang` = \'BMX\', `merk` = \'Wim Cycle\', `supplier` = \'CV. Pratama Indah\', `harga` = \'4000000\', `stok` = \'20\'
WHERE `barang`.`id` IN (\'17\')')
 3 SYSTEMPATH\Database\BaseConnection.php(593): CodeIgniter\Database\BaseConnection->simpleQuery('UPDATE `barang` SET `nama_barang` = \'Sepeda Dewasa\', `jenis_barang` = \'BMX\', `merk` = \'Wim Cycle\', `supplier` = \'CV. Pratama Indah\', `harga` = \'4000000\', `stok` = \'20\'
WHERE `barang`.`id` IN (\'17\')')
 4 SYSTEMPATH\Database\BaseBuilder.php(2079): CodeIgniter\Database\BaseConnection->query('UPDATE `barang` SET `nama_barang` = :nama_barang:, `jenis_barang` = :jenis_barang:, `merk` = :merk:, `supplier` = :supplier:, `harga` = :harga:, `stok` = :stok:
WHERE `barang`.`id` IN :barang.id:', [...], false)
 5 SYSTEMPATH\Model.php(338): CodeIgniter\Database\BaseBuilder->update()
 6 SYSTEMPATH\BaseModel.php(886): CodeIgniter\Model->doUpdate([...], [...])
 7 SYSTEMPATH\Model.php(693): CodeIgniter\BaseModel->update([...], [...])
 8 APPPATH\Controllers\Barang\BarangController.php(111): CodeIgniter\Model->update('17', [...])
 9 SYSTEMPATH\CodeIgniter.php(927): App\Controllers\Barang\BarangController->update('17')
10 SYSTEMPATH\CodeIgniter.php(482): CodeIgniter\CodeIgniter->runController(Object(App\Controllers\Barang\BarangController))
11 SYSTEMPATH\CodeIgniter.php(351): CodeIgniter\CodeIgniter->handleRequest(null, Object(Config\Cache), false)
12 FCPATH\index.php(67): CodeIgniter\CodeIgniter->run()
13 SYSTEMPATH\Commands\Server\rewrite.php(46): require_once('FCPATH\\index.php')
CRITICAL - 2022-12-17 22:25:22 --> Undefined index: kode_barang
in APPPATH\Views\Transaksi\Index.php on line 33.
 1 APPPATH\Views\Transaksi\Index.php(33): CodeIgniter\Debug\Exceptions->errorHandler(8, 'Undefined index: kode_barang', 'APPPATH\\Views\\Transaksi\\Index.php', 33, [...])
 2 SYSTEMPATH\View\View.php(213): include('APPPATH\\Views\\Transaksi\\Index.php')
 3 SYSTEMPATH\View\View.php(216): CodeIgniter\View\View->CodeIgniter\View\{closure}()
 4 SYSTEMPATH\Common.php(1134): CodeIgniter\View\View->render('Transaksi/Index', [], true)
 5 APPPATH\Controllers\Transaksi\TransaksiController.php(25): view('Transaksi/Index', [...])
 6 SYSTEMPATH\CodeIgniter.php(927): App\Controllers\Transaksi\TransaksiController->index()
 7 SYSTEMPATH\CodeIgniter.php(482): CodeIgniter\CodeIgniter->runController(Object(App\Controllers\Transaksi\TransaksiController))
 8 SYSTEMPATH\CodeIgniter.php(351): CodeIgniter\CodeIgniter->handleRequest(null, Object(Config\Cache), false)
 9 FCPATH\index.php(67): CodeIgniter\CodeIgniter->run()
10 SYSTEMPATH\Commands\Server\rewrite.php(46): require_once('FCPATH\\index.php')
CRITICAL - 2022-12-17 22:25:43 --> Undefined variable: dataBarang
in APPPATH\Views\Transaksi\Index.php on line 34.
 1 APPPATH\Views\Transaksi\Index.php(34): CodeIgniter\Debug\Exceptions->errorHandler(8, 'Undefined variable: dataBarang', 'APPPATH\\Views\\Transaksi\\Index.php', 34, [...])
 2 SYSTEMPATH\View\View.php(213): include('APPPATH\\Views\\Transaksi\\Index.php')
 3 SYSTEMPATH\View\View.php(216): CodeIgniter\View\View->CodeIgniter\View\{closure}()
 4 SYSTEMPATH\Common.php(1134): CodeIgniter\View\View->render('Transaksi/Index', [], true)
 5 APPPATH\Controllers\Transaksi\TransaksiController.php(25): view('Transaksi/Index', [...])
 6 SYSTEMPATH\CodeIgniter.php(927): App\Controllers\Transaksi\TransaksiController->index()
 7 SYSTEMPATH\CodeIgniter.php(482): CodeIgniter\CodeIgniter->runController(Object(App\Controllers\Transaksi\TransaksiController))
 8 SYSTEMPATH\CodeIgniter.php(351): CodeIgniter\CodeIgniter->handleRequest(null, Object(Config\Cache), false)
 9 FCPATH\index.php(67): CodeIgniter\CodeIgniter->run()
10 SYSTEMPATH\Commands\Server\rewrite.php(46): require_once('FCPATH\\index.php')
CRITICAL - 2022-12-17 22:26:10 --> Undefined index: kode_barang
in APPPATH\Views\Transaksi\Index.php on line 34.
 1 APPPATH\Views\Transaksi\Index.php(34): CodeIgniter\Debug\Exceptions->errorHandler(8, 'Undefined index: kode_barang', 'APPPATH\\Views\\Transaksi\\Index.php', 34, [...])
 2 SYSTEMPATH\View\View.php(213): include('APPPATH\\Views\\Transaksi\\Index.php')
 3 SYSTEMPATH\View\View.php(216): CodeIgniter\View\View->CodeIgniter\View\{closure}()
 4 SYSTEMPATH\Common.php(1134): CodeIgniter\View\View->render('Transaksi/Index', [], true)
 5 APPPATH\Controllers\Transaksi\TransaksiController.php(25): view('Transaksi/Index', [...])
 6 SYSTEMPATH\CodeIgniter.php(927): App\Controllers\Transaksi\TransaksiController->index()
 7 SYSTEMPATH\CodeIgniter.php(482): CodeIgniter\CodeIgniter->runController(Object(App\Controllers\Transaksi\TransaksiController))
 8 SYSTEMPATH\CodeIgniter.php(351): CodeIgniter\CodeIgniter->handleRequest(null, Object(Config\Cache), false)
 9 FCPATH\index.php(67): CodeIgniter\CodeIgniter->run()
10 SYSTEMPATH\Commands\Server\rewrite.php(46): require_once('FCPATH\\index.php')
CRITICAL - 2022-12-17 22:26:29 --> Undefined index: kode_barang
in APPPATH\Views\Transaksi\Index.php on line 34.
 1 APPPATH\Views\Transaksi\Index.php(34): CodeIgniter\Debug\Exceptions->errorHandler(8, 'Undefined index: kode_barang', 'APPPATH\\Views\\Transaksi\\Index.php', 34, [...])
 2 SYSTEMPATH\View\View.php(213): include('APPPATH\\Views\\Transaksi\\Index.php')
 3 SYSTEMPATH\View\View.php(216): CodeIgniter\View\View->CodeIgniter\View\{closure}()
 4 SYSTEMPATH\Common.php(1134): CodeIgniter\View\View->render('Transaksi/Index', [], true)
 5 APPPATH\Controllers\Transaksi\TransaksiController.php(25): view('Transaksi/Index', [...])
 6 SYSTEMPATH\CodeIgniter.php(927): App\Controllers\Transaksi\TransaksiController->index()
 7 SYSTEMPATH\CodeIgniter.php(482): CodeIgniter\CodeIgniter->runController(Object(App\Controllers\Transaksi\TransaksiController))
 8 SYSTEMPATH\CodeIgniter.php(351): CodeIgniter\CodeIgniter->handleRequest(null, Object(Config\Cache), false)
 9 FCPATH\index.php(67): CodeIgniter\CodeIgniter->run()
10 SYSTEMPATH\Commands\Server\rewrite.php(46): require_once('FCPATH\\index.php')
CRITICAL - 2022-12-17 22:27:00 --> Undefined index: kode_barang
in APPPATH\Views\Transaksi\Index.php on line 34.
 1 APPPATH\Views\Transaksi\Index.php(34): CodeIgniter\Debug\Exceptions->errorHandler(8, 'Undefined index: kode_barang', 'APPPATH\\Views\\Transaksi\\Index.php', 34, [...])
 2 SYSTEMPATH\View\View.php(213): include('APPPATH\\Views\\Transaksi\\Index.php')
 3 SYSTEMPATH\View\View.php(216): CodeIgniter\View\View->CodeIgniter\View\{closure}()
 4 SYSTEMPATH\Common.php(1134): CodeIgniter\View\View->render('Transaksi/Index', [], true)
 5 APPPATH\Controllers\Transaksi\TransaksiController.php(25): view('Transaksi/Index', [...])
 6 SYSTEMPATH\CodeIgniter.php(927): App\Controllers\Transaksi\TransaksiController->index()
 7 SYSTEMPATH\CodeIgniter.php(482): CodeIgniter\CodeIgniter->runController(Object(App\Controllers\Transaksi\TransaksiController))
 8 SYSTEMPATH\CodeIgniter.php(351): CodeIgniter\CodeIgniter->handleRequest(null, Object(Config\Cache), false)
 9 FCPATH\index.php(67): CodeIgniter\CodeIgniter->run()
10 SYSTEMPATH\Commands\Server\rewrite.php(46): require_once('FCPATH\\index.php')
CRITICAL - 2022-12-17 22:28:11 --> Undefined index: id_barang
in APPPATH\Views\Transaksi\Index.php on line 34.
 1 APPPATH\Views\Transaksi\Index.php(34): CodeIgniter\Debug\Exceptions->errorHandler(8, 'Undefined index: id_barang', 'APPPATH\\Views\\Transaksi\\Index.php', 34, [...])
 2 SYSTEMPATH\View\View.php(213): include('APPPATH\\Views\\Transaksi\\Index.php')
 3 SYSTEMPATH\View\View.php(216): CodeIgniter\View\View->CodeIgniter\View\{closure}()
 4 SYSTEMPATH\Common.php(1134): CodeIgniter\View\View->render('Transaksi/Index', [], true)
 5 APPPATH\Controllers\Transaksi\TransaksiController.php(25): view('Transaksi/Index', [...])
 6 SYSTEMPATH\CodeIgniter.php(927): App\Controllers\Transaksi\TransaksiController->index()
 7 SYSTEMPATH\CodeIgniter.php(482): CodeIgniter\CodeIgniter->runController(Object(App\Controllers\Transaksi\TransaksiController))
 8 SYSTEMPATH\CodeIgniter.php(351): CodeIgniter\CodeIgniter->handleRequest(null, Object(Config\Cache), false)
 9 FCPATH\index.php(67): CodeIgniter\CodeIgniter->run()
10 SYSTEMPATH\Commands\Server\rewrite.php(46): require_once('FCPATH\\index.php')
CRITICAL - 2022-12-17 22:28:57 --> Undefined index: kode_barang
in APPPATH\Views\Transaksi\Index.php on line 34.
 1 APPPATH\Views\Transaksi\Index.php(34): CodeIgniter\Debug\Exceptions->errorHandler(8, 'Undefined index: kode_barang', 'APPPATH\\Views\\Transaksi\\Index.php', 34, [...])
 2 SYSTEMPATH\View\View.php(213): include('APPPATH\\Views\\Transaksi\\Index.php')
 3 SYSTEMPATH\View\View.php(216): CodeIgniter\View\View->CodeIgniter\View\{closure}()
 4 SYSTEMPATH\Common.php(1134): CodeIgniter\View\View->render('Transaksi/Index', [], true)
 5 APPPATH\Controllers\Transaksi\TransaksiController.php(25): view('Transaksi/Index', [...])
 6 SYSTEMPATH\CodeIgniter.php(927): App\Controllers\Transaksi\TransaksiController->index()
 7 SYSTEMPATH\CodeIgniter.php(482): CodeIgniter\CodeIgniter->runController(Object(App\Controllers\Transaksi\TransaksiController))
 8 SYSTEMPATH\CodeIgniter.php(351): CodeIgniter\CodeIgniter->handleRequest(null, Object(Config\Cache), false)
 9 FCPATH\index.php(67): CodeIgniter\CodeIgniter->run()
10 SYSTEMPATH\Commands\Server\rewrite.php(46): require_once('FCPATH\\index.php')
CRITICAL - 2022-12-17 22:29:13 --> Undefined index: kode_barang
in APPPATH\Views\Transaksi\Index.php on line 34.
 1 APPPATH\Views\Transaksi\Index.php(34): CodeIgniter\Debug\Exceptions->errorHandler(8, 'Undefined index: kode_barang', 'APPPATH\\Views\\Transaksi\\Index.php', 34, [...])
 2 SYSTEMPATH\View\View.php(213): include('APPPATH\\Views\\Transaksi\\Index.php')
 3 SYSTEMPATH\View\View.php(216): CodeIgniter\View\View->CodeIgniter\View\{closure}()
 4 SYSTEMPATH\Common.php(1134): CodeIgniter\View\View->render('Transaksi/Index', [], true)
 5 APPPATH\Controllers\Transaksi\TransaksiController.php(25): view('Transaksi/Index', [...])
 6 SYSTEMPATH\CodeIgniter.php(927): App\Controllers\Transaksi\TransaksiController->index()
 7 SYSTEMPATH\CodeIgniter.php(482): CodeIgniter\CodeIgniter->runController(Object(App\Controllers\Transaksi\TransaksiController))
 8 SYSTEMPATH\CodeIgniter.php(351): CodeIgniter\CodeIgniter->handleRequest(null, Object(Config\Cache), false)
 9 FCPATH\index.php(67): CodeIgniter\CodeIgniter->run()
10 SYSTEMPATH\Commands\Server\rewrite.php(46): require_once('FCPATH\\index.php')
CRITICAL - 2022-12-17 22:35:00 --> syntax error, unexpected end of file
in APPPATH\Views\Transaksi\Index.php on line 71.
 1 SYSTEMPATH\View\View.php(216): CodeIgniter\View\View->CodeIgniter\View\{closure}()
 2 SYSTEMPATH\Common.php(1134): CodeIgniter\View\View->render('Transaksi/Index', [], true)
 3 APPPATH\Controllers\Transaksi\TransaksiController.php(25): view('Transaksi/Index', [...])
 4 SYSTEMPATH\CodeIgniter.php(927): App\Controllers\Transaksi\TransaksiController->index()
 5 SYSTEMPATH\CodeIgniter.php(482): CodeIgniter\CodeIgniter->runController(Object(App\Controllers\Transaksi\TransaksiController))
 6 SYSTEMPATH\CodeIgniter.php(351): CodeIgniter\CodeIgniter->handleRequest(null, Object(Config\Cache), false)
 7 FCPATH\index.php(67): CodeIgniter\CodeIgniter->run()
 8 SYSTEMPATH\Commands\Server\rewrite.php(46): require_once('FCPATH\\index.php')
CRITICAL - 2022-12-17 22:46:11 --> Undefined variable: dataBarang
in APPPATH\Views\Transaksi\Index.php on line 32.
 1 APPPATH\Views\Transaksi\Index.php(32): CodeIgniter\Debug\Exceptions->errorHandler(8, 'Undefined variable: dataBarang', 'APPPATH\\Views\\Transaksi\\Index.php', 32, [...])
 2 SYSTEMPATH\View\View.php(213): include('APPPATH\\Views\\Transaksi\\Index.php')
 3 SYSTEMPATH\View\View.php(216): CodeIgniter\View\View->CodeIgniter\View\{closure}()
 4 SYSTEMPATH\Common.php(1134): CodeIgniter\View\View->render('Transaksi/Index', [], true)
 5 APPPATH\Controllers\Transaksi\TransaksiController.php(26): view('Transaksi/Index', [...])
 6 SYSTEMPATH\CodeIgniter.php(927): App\Controllers\Transaksi\TransaksiController->index()
 7 SYSTEMPATH\CodeIgniter.php(482): CodeIgniter\CodeIgniter->runController(Object(App\Controllers\Transaksi\TransaksiController))
 8 SYSTEMPATH\CodeIgniter.php(351): CodeIgniter\CodeIgniter->handleRequest(null, Object(Config\Cache), false)
 9 FCPATH\index.php(67): CodeIgniter\CodeIgniter->run()
10 SYSTEMPATH\Commands\Server\rewrite.php(46): require_once('FCPATH\\index.php')
CRITICAL - 2022-12-17 22:48:07 --> Undefined index: harga_barang
in APPPATH\Views\Transaksi\Index.php on line 51.
 1 APPPATH\Views\Transaksi\Index.php(51): CodeIgniter\Debug\Exceptions->errorHandler(8, 'Undefined index: harga_barang', 'APPPATH\\Views\\Transaksi\\Index.php', 51, [...])
 2 SYSTEMPATH\View\View.php(213): include('APPPATH\\Views\\Transaksi\\Index.php')
 3 SYSTEMPATH\View\View.php(216): CodeIgniter\View\View->CodeIgniter\View\{closure}()
 4 SYSTEMPATH\Common.php(1134): CodeIgniter\View\View->render('Transaksi/Index', [], true)
 5 APPPATH\Controllers\Transaksi\TransaksiController.php(26): view('Transaksi/Index', [...])
 6 SYSTEMPATH\CodeIgniter.php(927): App\Controllers\Transaksi\TransaksiController->index()
 7 SYSTEMPATH\CodeIgniter.php(482): CodeIgniter\CodeIgniter->runController(Object(App\Controllers\Transaksi\TransaksiController))
 8 SYSTEMPATH\CodeIgniter.php(351): CodeIgniter\CodeIgniter->handleRequest(null, Object(Config\Cache), false)
 9 FCPATH\index.php(67): CodeIgniter\CodeIgniter->run()
10 SYSTEMPATH\Commands\Server\rewrite.php(46): require_once('FCPATH\\index.php')
CRITICAL - 2022-12-17 22:48:33 --> Undefined index: harga_barang
in APPPATH\Views\Transaksi\Index.php on line 51.
 1 APPPATH\Views\Transaksi\Index.php(51): CodeIgniter\Debug\Exceptions->errorHandler(8, 'Undefined index: harga_barang', 'APPPATH\\Views\\Transaksi\\Index.php', 51, [...])
 2 SYSTEMPATH\View\View.php(213): include('APPPATH\\Views\\Transaksi\\Index.php')
 3 SYSTEMPATH\View\View.php(216): CodeIgniter\View\View->CodeIgniter\View\{closure}()
 4 SYSTEMPATH\Common.php(1134): CodeIgniter\View\View->render('Transaksi/Index', [], true)
 5 APPPATH\Controllers\Transaksi\TransaksiController.php(26): view('Transaksi/Index', [...])
 6 SYSTEMPATH\CodeIgniter.php(927): App\Controllers\Transaksi\TransaksiController->index()
 7 SYSTEMPATH\CodeIgniter.php(482): CodeIgniter\CodeIgniter->runController(Object(App\Controllers\Transaksi\TransaksiController))
 8 SYSTEMPATH\CodeIgniter.php(351): CodeIgniter\CodeIgniter->handleRequest(null, Object(Config\Cache), false)
 9 FCPATH\index.php(67): CodeIgniter\CodeIgniter->run()
10 SYSTEMPATH\Commands\Server\rewrite.php(46): require_once('FCPATH\\index.php')
