CRITICAL - 2022-11-05 03:46:26 --> The namespace delimiter is a backslash (\), not a slash (/). Route handler: \App\Controllers\Barang/BarangController::index
in SYSTEMPATH\Router\Router.php on line 466.
 1 SYSTEMPATH\Router\Router.php(466): CodeIgniter\Router\Exceptions\RouterException::forInvalidControllerName('\\App\\Controllers\\Barang/BarangController::index')
 2 SYSTEMPATH\Router\Router.php(181): CodeIgniter\Router\Router->checkRoutes('D:\\')
 3 SYSTEMPATH\CodeIgniter.php(802): CodeIgniter\Router\Router->handle('D:\\')
 4 SYSTEMPATH\CodeIgniter.php(430): CodeIgniter\CodeIgniter->tryToRouteIt(Object(CodeIgniter\Router\RouteCollection))
 5 SYSTEMPATH\CodeIgniter.php(351): CodeIgniter\CodeIgniter->handleRequest(null, Object(Config\Cache), false)
 6 FCPATH\index.php(67): CodeIgniter\CodeIgniter->run()
 7 SYSTEMPATH\Commands\Server\rewrite.php(46): require_once('FCPATH\\index.php')
CRITICAL - 2022-11-05 03:56:27 --> Class 'App\Controllers\Barang\BaseController' not found
in APPPATH\Controllers\Barang\BarangController.php on line 7.
 1 SYSTEMPATH\Autoloader\Autoloader.php(282): include_once()
 2 SYSTEMPATH\Autoloader\Autoloader.php(259): CodeIgniter\Autoloader\Autoloader->includeFile('APPPATH\\Controllers\\Barang\\BarangController.php')
 3 SYSTEMPATH\Autoloader\Autoloader.php(237): CodeIgniter\Autoloader\Autoloader->loadInNamespace('App\\Controllers\\Barang\\BarangController')
 4 [internal function]: CodeIgniter\Autoloader\Autoloader->loadClass('App\\Controllers\\Barang\\BarangController')
 5 [internal function]: spl_autoload_call('App\\Controllers\\Barang\\BarangController')
 6 SYSTEMPATH\CodeIgniter.php(877): class_exists('\\App\\Controllers\\Barang\\BarangController', true)
 7 SYSTEMPATH\CodeIgniter.php(469): CodeIgniter\CodeIgniter->startController()
 8 SYSTEMPATH\CodeIgniter.php(351): CodeIgniter\CodeIgniter->handleRequest(null, Object(Config\Cache), false)
 9 FCPATH\index.php(67): CodeIgniter\CodeIgniter->run()
10 SYSTEMPATH\Commands\Server\rewrite.php(46): require_once('FCPATH\\index.php')
CRITICAL - 2022-11-05 04:27:41 --> Call to undefined method CodeIgniter\View\View::extends()
in APPPATH\Views\Barang\Index.php on line 1.
 1 SYSTEMPATH\View\View.php(213): include()
 2 SYSTEMPATH\View\View.php(216): CodeIgniter\View\View->CodeIgniter\View\{closure}()
 3 SYSTEMPATH\Common.php(1134): CodeIgniter\View\View->render('Barang/Index', [], true)
 4 APPPATH\Controllers\Barang\BarangController.php(11): view('Barang/Index')
 5 SYSTEMPATH\CodeIgniter.php(927): App\Controllers\Barang\BarangController->index()
 6 SYSTEMPATH\CodeIgniter.php(482): CodeIgniter\CodeIgniter->runController(Object(App\Controllers\Barang\BarangController))
 7 SYSTEMPATH\CodeIgniter.php(351): CodeIgniter\CodeIgniter->handleRequest(null, Object(Config\Cache), false)
 8 FCPATH\index.php(67): CodeIgniter\CodeIgniter->run()
 9 SYSTEMPATH\Commands\Server\rewrite.php(46): require_once('FCPATH\\index.php')
CRITICAL - 2022-11-05 04:27:50 --> Call to undefined method CodeIgniter\View\View::endRenderSection()
in APPPATH\Views\Barang\Index.php on line 105.
 1 SYSTEMPATH\View\View.php(213): include()
 2 SYSTEMPATH\View\View.php(216): CodeIgniter\View\View->CodeIgniter\View\{closure}()
 3 SYSTEMPATH\Common.php(1134): CodeIgniter\View\View->render('Barang/Index', [], true)
 4 APPPATH\Controllers\Barang\BarangController.php(11): view('Barang/Index')
 5 SYSTEMPATH\CodeIgniter.php(927): App\Controllers\Barang\BarangController->index()
 6 SYSTEMPATH\CodeIgniter.php(482): CodeIgniter\CodeIgniter->runController(Object(App\Controllers\Barang\BarangController))
 7 SYSTEMPATH\CodeIgniter.php(351): CodeIgniter\CodeIgniter->handleRequest(null, Object(Config\Cache), false)
 8 FCPATH\index.php(67): CodeIgniter\CodeIgniter->run()
 9 SYSTEMPATH\Commands\Server\rewrite.php(46): require_once('FCPATH\\index.php')
CRITICAL - 2022-11-05 04:44:08 --> Undefined variable: judul
in APPPATH\Views\Layout\PageLayout.php on line 7.
 1 APPPATH\Views\Layout\PageLayout.php(7): CodeIgniter\Debug\Exceptions->errorHandler(8, 'Undefined variable: judul', 'APPPATH\\Views\\Layout\\PageLayout.php', 7, [])
 2 SYSTEMPATH\View\View.php(213): include('APPPATH\\Views\\Layout\\PageLayout.php')
 3 SYSTEMPATH\View\View.php(216): CodeIgniter\View\View->CodeIgniter\View\{closure}()
 4 SYSTEMPATH\View\View.php(229): CodeIgniter\View\View->render('Layout/PageLayout', [], true)
 5 SYSTEMPATH\Common.php(1134): CodeIgniter\View\View->render('Index', [], true)
 6 APPPATH\Controllers\Barang\BarangController.php(15): view('Index', [...])
 7 SYSTEMPATH\CodeIgniter.php(927): App\Controllers\Barang\BarangController->index()
 8 SYSTEMPATH\CodeIgniter.php(482): CodeIgniter\CodeIgniter->runController(Object(App\Controllers\Barang\BarangController))
 9 SYSTEMPATH\CodeIgniter.php(351): CodeIgniter\CodeIgniter->handleRequest(null, Object(Config\Cache), false)
10 FCPATH\index.php(67): CodeIgniter\CodeIgniter->run()
11 SYSTEMPATH\Commands\Server\rewrite.php(46): require_once('FCPATH\\index.php')
CRITICAL - 2022-11-05 04:47:24 --> Undefined variable: aktif
in APPPATH\Views\Layout\PageLayout.php on line 91.
 1 APPPATH\Views\Layout\PageLayout.php(91): CodeIgniter\Debug\Exceptions->errorHandler(8, 'Undefined variable: aktif', 'APPPATH\\Views\\Layout\\PageLayout.php', 91, [...])
 2 SYSTEMPATH\View\View.php(213): include('APPPATH\\Views\\Layout\\PageLayout.php')
 3 SYSTEMPATH\View\View.php(216): CodeIgniter\View\View->CodeIgniter\View\{closure}()
 4 SYSTEMPATH\View\View.php(229): CodeIgniter\View\View->render('Layout/PageLayout', [], true)
 5 SYSTEMPATH\Common.php(1134): CodeIgniter\View\View->render('Barang/ReadMaster', [], true)
 6 APPPATH\Controllers\Barang\BarangController.php(24): view('Barang/ReadMaster', [...])
 7 SYSTEMPATH\CodeIgniter.php(927): App\Controllers\Barang\BarangController->master()
 8 SYSTEMPATH\CodeIgniter.php(482): CodeIgniter\CodeIgniter->runController(Object(App\Controllers\Barang\BarangController))
 9 SYSTEMPATH\CodeIgniter.php(351): CodeIgniter\CodeIgniter->handleRequest(null, Object(Config\Cache), false)
10 FCPATH\index.php(67): CodeIgniter\CodeIgniter->run()
11 SYSTEMPATH\Commands\Server\rewrite.php(46): require_once('FCPATH\\index.php')
CRITICAL - 2022-11-05 05:01:25 --> Undefined variable: judul
in APPPATH\Views\Layout\PageLayout.php on line 7.
 1 APPPATH\Views\Layout\PageLayout.php(7): CodeIgniter\Debug\Exceptions->errorHandler(8, 'Undefined variable: judul', 'APPPATH\\Views\\Layout\\PageLayout.php', 7, [])
 2 SYSTEMPATH\View\View.php(213): include('APPPATH\\Views\\Layout\\PageLayout.php')
 3 SYSTEMPATH\View\View.php(216): CodeIgniter\View\View->CodeIgniter\View\{closure}()
 4 SYSTEMPATH\View\View.php(229): CodeIgniter\View\View->render('Layout/PageLayout', [], true)
 5 SYSTEMPATH\Common.php(1134): CodeIgniter\View\View->render('Index', [], true)
 6 APPPATH\Controllers\Admin\AdminController.php(11): view('Index')
 7 SYSTEMPATH\CodeIgniter.php(927): App\Controllers\Admin\AdminController->index()
 8 SYSTEMPATH\CodeIgniter.php(482): CodeIgniter\CodeIgniter->runController(Object(App\Controllers\Admin\AdminController))
 9 SYSTEMPATH\CodeIgniter.php(351): CodeIgniter\CodeIgniter->handleRequest(null, Object(Config\Cache), false)
10 FCPATH\index.php(67): CodeIgniter\CodeIgniter->run()
11 SYSTEMPATH\Commands\Server\rewrite.php(46): require_once('FCPATH\\index.php')
CRITICAL - 2022-11-05 05:02:11 --> Undefined variable: judul
in APPPATH\Views\Layout\PageLayout.php on line 7.
 1 APPPATH\Views\Layout\PageLayout.php(7): CodeIgniter\Debug\Exceptions->errorHandler(8, 'Undefined variable: judul', 'APPPATH\\Views\\Layout\\PageLayout.php', 7, [])
 2 SYSTEMPATH\View\View.php(213): include('APPPATH\\Views\\Layout\\PageLayout.php')
 3 SYSTEMPATH\View\View.php(216): CodeIgniter\View\View->CodeIgniter\View\{closure}()
 4 SYSTEMPATH\View\View.php(229): CodeIgniter\View\View->render('Layout/PageLayout', [], true)
 5 SYSTEMPATH\Common.php(1134): CodeIgniter\View\View->render('Index', [], true)
 6 APPPATH\Controllers\Admin\AdminController.php(11): view('Index')
 7 SYSTEMPATH\CodeIgniter.php(927): App\Controllers\Admin\AdminController->index()
 8 SYSTEMPATH\CodeIgniter.php(482): CodeIgniter\CodeIgniter->runController(Object(App\Controllers\Admin\AdminController))
 9 SYSTEMPATH\CodeIgniter.php(351): CodeIgniter\CodeIgniter->handleRequest(null, Object(Config\Cache), false)
10 FCPATH\index.php(67): CodeIgniter\CodeIgniter->run()
11 SYSTEMPATH\Commands\Server\rewrite.php(46): require_once('FCPATH\\index.php')
CRITICAL - 2022-11-05 09:31:05 --> Undefined variable: judul
in APPPATH\Views\Layout\PageLayout.php on line 7.
 1 APPPATH\Views\Layout\PageLayout.php(7): CodeIgniter\Debug\Exceptions->errorHandler(8, 'Undefined variable: judul', 'APPPATH\\Views\\Layout\\PageLayout.php', 7, [])
 2 SYSTEMPATH\View\View.php(213): include('APPPATH\\Views\\Layout\\PageLayout.php')
 3 SYSTEMPATH\View\View.php(216): CodeIgniter\View\View->CodeIgniter\View\{closure}()
 4 SYSTEMPATH\View\View.php(229): CodeIgniter\View\View->render('Layout/PageLayout', [], true)
 5 SYSTEMPATH\Common.php(1134): CodeIgniter\View\View->render('Index', [], true)
 6 APPPATH\Controllers\Admin\AdminController.php(11): view('Index')
 7 SYSTEMPATH\CodeIgniter.php(927): App\Controllers\Admin\AdminController->index()
 8 SYSTEMPATH\CodeIgniter.php(482): CodeIgniter\CodeIgniter->runController(Object(App\Controllers\Admin\AdminController))
 9 SYSTEMPATH\CodeIgniter.php(351): CodeIgniter\CodeIgniter->handleRequest(null, Object(Config\Cache), false)
10 FCPATH\index.php(67): CodeIgniter\CodeIgniter->run()
11 SYSTEMPATH\Commands\Server\rewrite.php(46): require_once('FCPATH\\index.php')
CRITICAL - 2022-11-05 10:01:04 --> Undefined variable: dataBarang
in APPPATH\Views\Barang\ReadMaster.php on line 48.
 1 APPPATH\Views\Barang\ReadMaster.php(48): CodeIgniter\Debug\Exceptions->errorHandler(8, 'Undefined variable: dataBarang', 'APPPATH\\Views\\Barang\\ReadMaster.php', 48, [...])
 2 SYSTEMPATH\View\View.php(213): include('APPPATH\\Views\\Barang\\ReadMaster.php')
 3 SYSTEMPATH\View\View.php(216): CodeIgniter\View\View->CodeIgniter\View\{closure}()
 4 SYSTEMPATH\Common.php(1134): CodeIgniter\View\View->render('Barang/ReadMaster', [], true)
 5 APPPATH\Controllers\Barang\BarangController.php(34): view('Barang/ReadMaster', [...])
 6 SYSTEMPATH\CodeIgniter.php(927): App\Controllers\Barang\BarangController->master()
 7 SYSTEMPATH\CodeIgniter.php(482): CodeIgniter\CodeIgniter->runController(Object(App\Controllers\Barang\BarangController))
 8 SYSTEMPATH\CodeIgniter.php(351): CodeIgniter\CodeIgniter->handleRequest(null, Object(Config\Cache), false)
 9 FCPATH\index.php(67): CodeIgniter\CodeIgniter->run()
10 SYSTEMPATH\Commands\Server\rewrite.php(46): require_once('FCPATH\\index.php')
CRITICAL - 2022-11-05 10:01:35 --> Undefined variable: barang
in APPPATH\Views\Barang\ReadMaster.php on line 48.
 1 APPPATH\Views\Barang\ReadMaster.php(48): CodeIgniter\Debug\Exceptions->errorHandler(8, 'Undefined variable: barang', 'APPPATH\\Views\\Barang\\ReadMaster.php', 48, [...])
 2 SYSTEMPATH\View\View.php(213): include('APPPATH\\Views\\Barang\\ReadMaster.php')
 3 SYSTEMPATH\View\View.php(216): CodeIgniter\View\View->CodeIgniter\View\{closure}()
 4 SYSTEMPATH\Common.php(1134): CodeIgniter\View\View->render('Barang/ReadMaster', [], true)
 5 APPPATH\Controllers\Barang\BarangController.php(34): view('Barang/ReadMaster', [...])
 6 SYSTEMPATH\CodeIgniter.php(927): App\Controllers\Barang\BarangController->master()
 7 SYSTEMPATH\CodeIgniter.php(482): CodeIgniter\CodeIgniter->runController(Object(App\Controllers\Barang\BarangController))
 8 SYSTEMPATH\CodeIgniter.php(351): CodeIgniter\CodeIgniter->handleRequest(null, Object(Config\Cache), false)
 9 FCPATH\index.php(67): CodeIgniter\CodeIgniter->run()
10 SYSTEMPATH\Commands\Server\rewrite.php(46): require_once('FCPATH\\index.php')
CRITICAL - 2022-11-05 10:03:03 --> Undefined variable: barang
in APPPATH\Views\Barang\ReadMaster.php on line 48.
 1 APPPATH\Views\Barang\ReadMaster.php(48): CodeIgniter\Debug\Exceptions->errorHandler(8, 'Undefined variable: barang', 'APPPATH\\Views\\Barang\\ReadMaster.php', 48, [...])
 2 SYSTEMPATH\View\View.php(213): include('APPPATH\\Views\\Barang\\ReadMaster.php')
 3 SYSTEMPATH\View\View.php(216): CodeIgniter\View\View->CodeIgniter\View\{closure}()
 4 SYSTEMPATH\Common.php(1134): CodeIgniter\View\View->render('Barang/ReadMaster', [], true)
 5 APPPATH\Controllers\Barang\BarangController.php(34): view('Barang/ReadMaster', [...])
 6 SYSTEMPATH\CodeIgniter.php(927): App\Controllers\Barang\BarangController->master()
 7 SYSTEMPATH\CodeIgniter.php(482): CodeIgniter\CodeIgniter->runController(Object(App\Controllers\Barang\BarangController))
 8 SYSTEMPATH\CodeIgniter.php(351): CodeIgniter\CodeIgniter->handleRequest(null, Object(Config\Cache), false)
 9 FCPATH\index.php(67): CodeIgniter\CodeIgniter->run()
10 SYSTEMPATH\Commands\Server\rewrite.php(46): require_once('FCPATH\\index.php')
CRITICAL - 2022-11-05 10:04:52 --> Undefined variable: barang
in APPPATH\Views\Barang\ReadMaster.php on line 48.
 1 APPPATH\Views\Barang\ReadMaster.php(48): CodeIgniter\Debug\Exceptions->errorHandler(8, 'Undefined variable: barang', 'APPPATH\\Views\\Barang\\ReadMaster.php', 48, [...])
 2 SYSTEMPATH\View\View.php(213): include('APPPATH\\Views\\Barang\\ReadMaster.php')
 3 SYSTEMPATH\View\View.php(216): CodeIgniter\View\View->CodeIgniter\View\{closure}()
 4 SYSTEMPATH\Common.php(1134): CodeIgniter\View\View->render('Barang/ReadMaster', [], true)
 5 APPPATH\Controllers\Barang\BarangController.php(34): view('Barang/ReadMaster', [...])
 6 SYSTEMPATH\CodeIgniter.php(927): App\Controllers\Barang\BarangController->master()
 7 SYSTEMPATH\CodeIgniter.php(482): CodeIgniter\CodeIgniter->runController(Object(App\Controllers\Barang\BarangController))
 8 SYSTEMPATH\CodeIgniter.php(351): CodeIgniter\CodeIgniter->handleRequest(null, Object(Config\Cache), false)
 9 FCPATH\index.php(67): CodeIgniter\CodeIgniter->run()
10 SYSTEMPATH\Commands\Server\rewrite.php(46): require_once('FCPATH\\index.php')
CRITICAL - 2022-11-05 10:05:06 --> Undefined variable: barang
in APPPATH\Views\Barang\ReadMaster.php on line 48.
 1 APPPATH\Views\Barang\ReadMaster.php(48): CodeIgniter\Debug\Exceptions->errorHandler(8, 'Undefined variable: barang', 'APPPATH\\Views\\Barang\\ReadMaster.php', 48, [...])
 2 SYSTEMPATH\View\View.php(213): include('APPPATH\\Views\\Barang\\ReadMaster.php')
 3 SYSTEMPATH\View\View.php(216): CodeIgniter\View\View->CodeIgniter\View\{closure}()
 4 SYSTEMPATH\Common.php(1134): CodeIgniter\View\View->render('Barang/ReadMaster', [], true)
 5 APPPATH\Controllers\Barang\BarangController.php(34): view('Barang/ReadMaster', [...])
 6 SYSTEMPATH\CodeIgniter.php(927): App\Controllers\Barang\BarangController->master()
 7 SYSTEMPATH\CodeIgniter.php(482): CodeIgniter\CodeIgniter->runController(Object(App\Controllers\Barang\BarangController))
 8 SYSTEMPATH\CodeIgniter.php(351): CodeIgniter\CodeIgniter->handleRequest(null, Object(Config\Cache), false)
 9 FCPATH\index.php(67): CodeIgniter\CodeIgniter->run()
10 SYSTEMPATH\Commands\Server\rewrite.php(46): require_once('FCPATH\\index.php')
CRITICAL - 2022-11-05 10:09:58 --> Undefined variable: barang
in APPPATH\Views\Barang\ReadMaster.php on line 48.
 1 APPPATH\Views\Barang\ReadMaster.php(48): CodeIgniter\Debug\Exceptions->errorHandler(8, 'Undefined variable: barang', 'APPPATH\\Views\\Barang\\ReadMaster.php', 48, [...])
 2 SYSTEMPATH\View\View.php(213): include('APPPATH\\Views\\Barang\\ReadMaster.php')
 3 SYSTEMPATH\View\View.php(216): CodeIgniter\View\View->CodeIgniter\View\{closure}()
 4 SYSTEMPATH\Common.php(1134): CodeIgniter\View\View->render('Barang/ReadMaster', [], true)
 5 APPPATH\Controllers\Barang\BarangController.php(34): view('Barang/ReadMaster', [...])
 6 SYSTEMPATH\CodeIgniter.php(927): App\Controllers\Barang\BarangController->master()
 7 SYSTEMPATH\CodeIgniter.php(482): CodeIgniter\CodeIgniter->runController(Object(App\Controllers\Barang\BarangController))
 8 SYSTEMPATH\CodeIgniter.php(351): CodeIgniter\CodeIgniter->handleRequest(null, Object(Config\Cache), false)
 9 FCPATH\index.php(67): CodeIgniter\CodeIgniter->run()
10 SYSTEMPATH\Commands\Server\rewrite.php(46): require_once('FCPATH\\index.php')
CRITICAL - 2022-11-05 10:10:25 --> Undefined variable: dataBarang
in APPPATH\Views\Barang\ReadMaster.php on line 48.
 1 APPPATH\Views\Barang\ReadMaster.php(48): CodeIgniter\Debug\Exceptions->errorHandler(8, 'Undefined variable: dataBarang', 'APPPATH\\Views\\Barang\\ReadMaster.php', 48, [...])
 2 SYSTEMPATH\View\View.php(213): include('APPPATH\\Views\\Barang\\ReadMaster.php')
 3 SYSTEMPATH\View\View.php(216): CodeIgniter\View\View->CodeIgniter\View\{closure}()
 4 SYSTEMPATH\Common.php(1134): CodeIgniter\View\View->render('Barang/ReadMaster', [], true)
 5 APPPATH\Controllers\Barang\BarangController.php(34): view('Barang/ReadMaster', [...])
 6 SYSTEMPATH\CodeIgniter.php(927): App\Controllers\Barang\BarangController->master()
 7 SYSTEMPATH\CodeIgniter.php(482): CodeIgniter\CodeIgniter->runController(Object(App\Controllers\Barang\BarangController))
 8 SYSTEMPATH\CodeIgniter.php(351): CodeIgniter\CodeIgniter->handleRequest(null, Object(Config\Cache), false)
 9 FCPATH\index.php(67): CodeIgniter\CodeIgniter->run()
10 SYSTEMPATH\Commands\Server\rewrite.php(46): require_once('FCPATH\\index.php')
CRITICAL - 2022-11-05 10:11:11 --> Undefined variable: barang
in APPPATH\Views\Barang\ReadMaster.php on line 48.
 1 APPPATH\Views\Barang\ReadMaster.php(48): CodeIgniter\Debug\Exceptions->errorHandler(8, 'Undefined variable: barang', 'APPPATH\\Views\\Barang\\ReadMaster.php', 48, [...])
 2 SYSTEMPATH\View\View.php(213): include('APPPATH\\Views\\Barang\\ReadMaster.php')
 3 SYSTEMPATH\View\View.php(216): CodeIgniter\View\View->CodeIgniter\View\{closure}()
 4 SYSTEMPATH\Common.php(1134): CodeIgniter\View\View->render('Barang/ReadMaster', [], true)
 5 APPPATH\Controllers\Barang\BarangController.php(34): view('Barang/ReadMaster', [...])
 6 SYSTEMPATH\CodeIgniter.php(927): App\Controllers\Barang\BarangController->master()
 7 SYSTEMPATH\CodeIgniter.php(482): CodeIgniter\CodeIgniter->runController(Object(App\Controllers\Barang\BarangController))
 8 SYSTEMPATH\CodeIgniter.php(351): CodeIgniter\CodeIgniter->handleRequest(null, Object(Config\Cache), false)
 9 FCPATH\index.php(67): CodeIgniter\CodeIgniter->run()
10 SYSTEMPATH\Commands\Server\rewrite.php(46): require_once('FCPATH\\index.php')
CRITICAL - 2022-11-05 10:12:59 --> Undefined variable: barang
in APPPATH\Views\Barang\ReadMaster.php on line 48.
 1 APPPATH\Views\Barang\ReadMaster.php(48): CodeIgniter\Debug\Exceptions->errorHandler(8, 'Undefined variable: barang', 'APPPATH\\Views\\Barang\\ReadMaster.php', 48, [...])
 2 SYSTEMPATH\View\View.php(213): include('APPPATH\\Views\\Barang\\ReadMaster.php')
 3 SYSTEMPATH\View\View.php(216): CodeIgniter\View\View->CodeIgniter\View\{closure}()
 4 SYSTEMPATH\Common.php(1134): CodeIgniter\View\View->render('Barang/ReadMaster', [], true)
 5 APPPATH\Controllers\Barang\BarangController.php(34): view('Barang/ReadMaster', [...])
 6 SYSTEMPATH\CodeIgniter.php(927): App\Controllers\Barang\BarangController->master()
 7 SYSTEMPATH\CodeIgniter.php(482): CodeIgniter\CodeIgniter->runController(Object(App\Controllers\Barang\BarangController))
 8 SYSTEMPATH\CodeIgniter.php(351): CodeIgniter\CodeIgniter->handleRequest(null, Object(Config\Cache), false)
 9 FCPATH\index.php(67): CodeIgniter\CodeIgniter->run()
10 SYSTEMPATH\Commands\Server\rewrite.php(46): require_once('FCPATH\\index.php')
ERROR - 2022-11-05 10:13:53 --> Error connecting to the database: mysqli_sql_exception: Access denied for user 'root'@'localhost' (using password: YES) in D:\RYZ-PROJECT\CI4\web-kp\vendor\codeigniter4\framework\system\Database\MySQLi\Connection.php:171
Stack trace:
#0 D:\RYZ-PROJECT\CI4\web-kp\vendor\codeigniter4\framework\system\Database\MySQLi\Connection.php(171): mysqli->real_connect('localhost', 'root', 'root', 'web-kp', 3306, '', 0)
#1 D:\RYZ-PROJECT\CI4\web-kp\vendor\codeigniter4\framework\system\Database\BaseConnection.php(382): CodeIgniter\Database\MySQLi\Connection->connect(false)
#2 D:\RYZ-PROJECT\CI4\web-kp\vendor\codeigniter4\framework\system\Database\BaseConnection.php(561): CodeIgniter\Database\BaseConnection->initialize()
#3 D:\RYZ-PROJECT\CI4\web-kp\vendor\codeigniter4\framework\system\Database\BaseBuilder.php(1585): CodeIgniter\Database\BaseConnection->query('SELECT *\nFROM `...', Array, false)
#4 D:\RYZ-PROJECT\CI4\web-kp\vendor\codeigniter4\framework\system\Model.php(223): CodeIgniter\Database\BaseBuilder->get()
#5 D:\RYZ-PROJECT\CI4\web-kp\vendor\codeigniter4\framework\system\BaseModel.php(585): CodeIgniter\Model->doFindAll(0, 0)
#6 D:\RYZ-PROJECT\CI4\web-kp\app\Controllers\Barang\BarangController.php(42): CodeIgniter\BaseModel->findAll()
#7 D:\RYZ-PROJECT\CI4\web-kp\vendor\codeigniter4\framework\system\CodeIgniter.php(927): App\Controllers\Barang\BarangController->read()
#8 D:\RYZ-PROJECT\CI4\web-kp\vendor\codeigniter4\framework\system\CodeIgniter.php(482): CodeIgniter\CodeIgniter->runController(Object(App\Controllers\Barang\BarangController))
#9 D:\RYZ-PROJECT\CI4\web-kp\vendor\codeigniter4\framework\system\CodeIgniter.php(351): CodeIgniter\CodeIgniter->handleRequest(NULL, Object(Config\Cache), false)
#10 D:\RYZ-PROJECT\CI4\web-kp\public\index.php(67): CodeIgniter\CodeIgniter->run()
#11 D:\RYZ-PROJECT\CI4\web-kp\vendor\codeigniter4\framework\system\Commands\Server\rewrite.php(46): require_once('D:\\RYZ-PROJECT\\...')
#12 {main}

Next CodeIgniter\Database\Exceptions\DatabaseException: Access denied for user '****'@'localhost' (using password: YES) in D:\RYZ-PROJECT\CI4\web-kp\vendor\codeigniter4\framework\system\Database\MySQLi\Connection.php:215
Stack trace:
#0 D:\RYZ-PROJECT\CI4\web-kp\vendor\codeigniter4\framework\system\Database\BaseConnection.php(382): CodeIgniter\Database\MySQLi\Connection->connect(false)
#1 D:\RYZ-PROJECT\CI4\web-kp\vendor\codeigniter4\framework\system\Database\BaseConnection.php(561): CodeIgniter\Database\BaseConnection->initialize()
#2 D:\RYZ-PROJECT\CI4\web-kp\vendor\codeigniter4\framework\system\Database\BaseBuilder.php(1585): CodeIgniter\Database\BaseConnection->query('SELECT *\nFROM `...', Array, false)
#3 D:\RYZ-PROJECT\CI4\web-kp\vendor\codeigniter4\framework\system\Model.php(223): CodeIgniter\Database\BaseBuilder->get()
#4 D:\RYZ-PROJECT\CI4\web-kp\vendor\codeigniter4\framework\system\BaseModel.php(585): CodeIgniter\Model->doFindAll(0, 0)
#5 D:\RYZ-PROJECT\CI4\web-kp\app\Controllers\Barang\BarangController.php(42): CodeIgniter\BaseModel->findAll()
#6 D:\RYZ-PROJECT\CI4\web-kp\vendor\codeigniter4\framework\system\CodeIgniter.php(927): App\Controllers\Barang\BarangController->read()
#7 D:\RYZ-PROJECT\CI4\web-kp\vendor\codeigniter4\framework\system\CodeIgniter.php(482): CodeIgniter\CodeIgniter->runController(Object(App\Controllers\Barang\BarangController))
#8 D:\RYZ-PROJECT\CI4\web-kp\vendor\codeigniter4\framework\system\CodeIgniter.php(351): CodeIgniter\CodeIgniter->handleRequest(NULL, Object(Config\Cache), false)
#9 D:\RYZ-PROJECT\CI4\web-kp\public\index.php(67): CodeIgniter\CodeIgniter->run()
#10 D:\RYZ-PROJECT\CI4\web-kp\vendor\codeigniter4\framework\system\Commands\Server\rewrite.php(46): require_once('D:\\RYZ-PROJECT\\...')
#11 {main}
CRITICAL - 2022-11-05 10:13:53 --> Unable to connect to the database.
Main connection [MySQLi]: Access denied for user '****'@'localhost' (using password: YES)
in SYSTEMPATH\Database\BaseConnection.php on line 418.
 1 SYSTEMPATH\Database\BaseConnection.php(561): CodeIgniter\Database\BaseConnection->initialize()
 2 SYSTEMPATH\Database\BaseBuilder.php(1585): CodeIgniter\Database\BaseConnection->query('SELECT *
FROM `barang`', [], false)
 3 SYSTEMPATH\Model.php(223): CodeIgniter\Database\BaseBuilder->get()
 4 SYSTEMPATH\BaseModel.php(585): CodeIgniter\Model->doFindAll(0, 0)
 5 APPPATH\Controllers\Barang\BarangController.php(42): CodeIgniter\BaseModel->findAll()
 6 SYSTEMPATH\CodeIgniter.php(927): App\Controllers\Barang\BarangController->read()
 7 SYSTEMPATH\CodeIgniter.php(482): CodeIgniter\CodeIgniter->runController(Object(App\Controllers\Barang\BarangController))
 8 SYSTEMPATH\CodeIgniter.php(351): CodeIgniter\CodeIgniter->handleRequest(null, Object(Config\Cache), false)
 9 FCPATH\index.php(67): CodeIgniter\CodeIgniter->run()
10 SYSTEMPATH\Commands\Server\rewrite.php(46): require_once('FCPATH\\index.php')
CRITICAL - 2022-11-05 11:45:50 --> Invalid file: Barang/ReadMaster.php
in SYSTEMPATH\Exceptions\FrameworkException.php on line 33.
 1 SYSTEMPATH\View\View.php(201): CodeIgniter\Exceptions\FrameworkException::forInvalidFile('Barang/ReadMaster.php')
 2 SYSTEMPATH\Common.php(1134): CodeIgniter\View\View->render('Barang/ReadMaster', [], true)
 3 APPPATH\Controllers\Barang\BarangController.php(37): view('Barang/ReadMaster', [...])
 4 SYSTEMPATH\CodeIgniter.php(927): App\Controllers\Barang\BarangController->read()
 5 SYSTEMPATH\CodeIgniter.php(482): CodeIgniter\CodeIgniter->runController(Object(App\Controllers\Barang\BarangController))
 6 SYSTEMPATH\CodeIgniter.php(351): CodeIgniter\CodeIgniter->handleRequest(null, Object(Config\Cache), false)
 7 FCPATH\index.php(67): CodeIgniter\CodeIgniter->run()
 8 SYSTEMPATH\Commands\Server\rewrite.php(46): require_once('FCPATH\\index.php')
CRITICAL - 2022-11-05 12:11:31 --> Undefined variable: judul
in APPPATH\Views\Layout\PageLayout.php on line 7.
 1 APPPATH\Views\Layout\PageLayout.php(7): CodeIgniter\Debug\Exceptions->errorHandler(8, 'Undefined variable: judul', 'APPPATH\\Views\\Layout\\PageLayout.php', 7, [])
 2 SYSTEMPATH\View\View.php(213): include('APPPATH\\Views\\Layout\\PageLayout.php')
 3 SYSTEMPATH\View\View.php(216): CodeIgniter\View\View->CodeIgniter\View\{closure}()
 4 SYSTEMPATH\View\View.php(229): CodeIgniter\View\View->render('Layout/PageLayout', [], true)
 5 SYSTEMPATH\Common.php(1134): CodeIgniter\View\View->render('Barang/Add-Barang', [], true)
 6 APPPATH\Controllers\Barang\BarangController.php(47): view('Barang/Add-Barang')
 7 SYSTEMPATH\CodeIgniter.php(927): App\Controllers\Barang\BarangController->add()
 8 SYSTEMPATH\CodeIgniter.php(482): CodeIgniter\CodeIgniter->runController(Object(App\Controllers\Barang\BarangController))
 9 SYSTEMPATH\CodeIgniter.php(351): CodeIgniter\CodeIgniter->handleRequest(null, Object(Config\Cache), false)
10 FCPATH\index.php(67): CodeIgniter\CodeIgniter->run()
11 SYSTEMPATH\Commands\Server\rewrite.php(46): require_once('FCPATH\\index.php')
CRITICAL - 2022-11-05 12:35:24 --> Undefined variable: category
in APPPATH\Views\Barang\Read-Barang.php on line 64.
 1 APPPATH\Views\Barang\Read-Barang.php(64): CodeIgniter\Debug\Exceptions->errorHandler(8, 'Undefined variable: category', 'APPPATH\\Views\\Barang\\Read-Barang.php', 64, [...])
 2 SYSTEMPATH\View\View.php(213): include('APPPATH\\Views\\Barang\\Read-Barang.php')
 3 SYSTEMPATH\View\View.php(216): CodeIgniter\View\View->CodeIgniter\View\{closure}()
 4 SYSTEMPATH\Common.php(1134): CodeIgniter\View\View->render('Barang/Read-Barang', [], true)
 5 APPPATH\Controllers\Barang\BarangController.php(37): view('Barang/Read-Barang', [...])
 6 SYSTEMPATH\CodeIgniter.php(927): App\Controllers\Barang\BarangController->read()
 7 SYSTEMPATH\CodeIgniter.php(482): CodeIgniter\CodeIgniter->runController(Object(App\Controllers\Barang\BarangController))
 8 SYSTEMPATH\CodeIgniter.php(351): CodeIgniter\CodeIgniter->handleRequest(null, Object(Config\Cache), false)
 9 FCPATH\index.php(67): CodeIgniter\CodeIgniter->run()
10 SYSTEMPATH\Commands\Server\rewrite.php(46): require_once('FCPATH\\index.php')
CRITICAL - 2022-11-05 22:59:09 --> Trying to get property 'password' of non-object
in APPPATH\Controllers\Admin\AdminController.php on line 24.
 1 APPPATH\Controllers\Admin\AdminController.php(24): CodeIgniter\Debug\Exceptions->errorHandler(8, 'Trying to get property \'password\' of non-object', 'APPPATH\\Controllers\\Admin\\AdminController.php', 24, [...])
 2 SYSTEMPATH\CodeIgniter.php(927): App\Controllers\Admin\AdminController->login()
 3 SYSTEMPATH\CodeIgniter.php(482): CodeIgniter\CodeIgniter->runController(Object(App\Controllers\Admin\AdminController))
 4 SYSTEMPATH\CodeIgniter.php(351): CodeIgniter\CodeIgniter->handleRequest(null, Object(Config\Cache), false)
 5 FCPATH\index.php(67): CodeIgniter\CodeIgniter->run()
 6 SYSTEMPATH\Commands\Server\rewrite.php(46): require_once('FCPATH\\index.php')
CRITICAL - 2022-11-05 23:00:31 --> Trying to get property 'password' of non-object
in APPPATH\Controllers\Admin\AdminController.php on line 24.
 1 APPPATH\Controllers\Admin\AdminController.php(24): CodeIgniter\Debug\Exceptions->errorHandler(8, 'Trying to get property \'password\' of non-object', 'APPPATH\\Controllers\\Admin\\AdminController.php', 24, [...])
 2 SYSTEMPATH\CodeIgniter.php(927): App\Controllers\Admin\AdminController->login()
 3 SYSTEMPATH\CodeIgniter.php(482): CodeIgniter\CodeIgniter->runController(Object(App\Controllers\Admin\AdminController))
 4 SYSTEMPATH\CodeIgniter.php(351): CodeIgniter\CodeIgniter->handleRequest(null, Object(Config\Cache), false)
 5 FCPATH\index.php(67): CodeIgniter\CodeIgniter->run()
 6 SYSTEMPATH\Commands\Server\rewrite.php(46): require_once('FCPATH\\index.php')
CRITICAL - 2022-11-05 23:01:04 --> Trying to get property 'password' of non-object
in APPPATH\Controllers\Admin\AdminController.php on line 24.
 1 APPPATH\Controllers\Admin\AdminController.php(24): CodeIgniter\Debug\Exceptions->errorHandler(8, 'Trying to get property \'password\' of non-object', 'APPPATH\\Controllers\\Admin\\AdminController.php', 24, [...])
 2 SYSTEMPATH\CodeIgniter.php(927): App\Controllers\Admin\AdminController->login()
 3 SYSTEMPATH\CodeIgniter.php(482): CodeIgniter\CodeIgniter->runController(Object(App\Controllers\Admin\AdminController))
 4 SYSTEMPATH\CodeIgniter.php(351): CodeIgniter\CodeIgniter->handleRequest(null, Object(Config\Cache), false)
 5 FCPATH\index.php(67): CodeIgniter\CodeIgniter->run()
 6 SYSTEMPATH\Commands\Server\rewrite.php(46): require_once('FCPATH\\index.php')
CRITICAL - 2022-11-05 23:02:59 --> Trying to get property 'passsword' of non-object
in APPPATH\Controllers\Admin\AdminController.php on line 24.
 1 APPPATH\Controllers\Admin\AdminController.php(24): CodeIgniter\Debug\Exceptions->errorHandler(8, 'Trying to get property \'passsword\' of non-object', 'APPPATH\\Controllers\\Admin\\AdminController.php', 24, [...])
 2 SYSTEMPATH\CodeIgniter.php(927): App\Controllers\Admin\AdminController->login()
 3 SYSTEMPATH\CodeIgniter.php(482): CodeIgniter\CodeIgniter->runController(Object(App\Controllers\Admin\AdminController))
 4 SYSTEMPATH\CodeIgniter.php(351): CodeIgniter\CodeIgniter->handleRequest(null, Object(Config\Cache), false)
 5 FCPATH\index.php(67): CodeIgniter\CodeIgniter->run()
 6 SYSTEMPATH\Commands\Server\rewrite.php(46): require_once('FCPATH\\index.php')
CRITICAL - 2022-11-05 23:03:10 --> Undefined property: App\Controllers\Admin\AdminController::$dataUser
in APPPATH\Controllers\Admin\AdminController.php on line 24.
 1 APPPATH\Controllers\Admin\AdminController.php(24): CodeIgniter\Debug\Exceptions->errorHandler(8, 'Undefined property: App\\Controllers\\Admin\\AdminController::$dataUser', 'APPPATH\\Controllers\\Admin\\AdminController.php', 24, [...])
 2 SYSTEMPATH\CodeIgniter.php(927): App\Controllers\Admin\AdminController->login()
 3 SYSTEMPATH\CodeIgniter.php(482): CodeIgniter\CodeIgniter->runController(Object(App\Controllers\Admin\AdminController))
 4 SYSTEMPATH\CodeIgniter.php(351): CodeIgniter\CodeIgniter->handleRequest(null, Object(Config\Cache), false)
 5 FCPATH\index.php(67): CodeIgniter\CodeIgniter->run()
 6 SYSTEMPATH\Commands\Server\rewrite.php(46): require_once('FCPATH\\index.php')
CRITICAL - 2022-11-05 23:03:15 --> Trying to get property 'password' of non-object
in APPPATH\Controllers\Admin\AdminController.php on line 24.
 1 APPPATH\Controllers\Admin\AdminController.php(24): CodeIgniter\Debug\Exceptions->errorHandler(8, 'Trying to get property \'password\' of non-object', 'APPPATH\\Controllers\\Admin\\AdminController.php', 24, [...])
 2 SYSTEMPATH\CodeIgniter.php(927): App\Controllers\Admin\AdminController->login()
 3 SYSTEMPATH\CodeIgniter.php(482): CodeIgniter\CodeIgniter->runController(Object(App\Controllers\Admin\AdminController))
 4 SYSTEMPATH\CodeIgniter.php(351): CodeIgniter\CodeIgniter->handleRequest(null, Object(Config\Cache), false)
 5 FCPATH\index.php(67): CodeIgniter\CodeIgniter->run()
 6 SYSTEMPATH\Commands\Server\rewrite.php(46): require_once('FCPATH\\index.php')
CRITICAL - 2022-11-05 23:03:19 --> Trying to get property 'password' of non-object
in APPPATH\Controllers\Admin\AdminController.php on line 24.
 1 APPPATH\Controllers\Admin\AdminController.php(24): CodeIgniter\Debug\Exceptions->errorHandler(8, 'Trying to get property \'password\' of non-object', 'APPPATH\\Controllers\\Admin\\AdminController.php', 24, [...])
 2 SYSTEMPATH\CodeIgniter.php(927): App\Controllers\Admin\AdminController->login()
 3 SYSTEMPATH\CodeIgniter.php(482): CodeIgniter\CodeIgniter->runController(Object(App\Controllers\Admin\AdminController))
 4 SYSTEMPATH\CodeIgniter.php(351): CodeIgniter\CodeIgniter->handleRequest(null, Object(Config\Cache), false)
 5 FCPATH\index.php(67): CodeIgniter\CodeIgniter->run()
 6 SYSTEMPATH\Commands\Server\rewrite.php(46): require_once('FCPATH\\index.php')
