CRITICAL - 2022-12-18 00:39:16 --> Undefined property: CodeIgniter\View\View::$request
in APPPATH\Views\Transaksi\Index.php on line 46.
 1 APPPATH\Views\Transaksi\Index.php(46): CodeIgniter\Debug\Exceptions->errorHandler(8, 'Undefined property: CodeIgniter\\View\\View::$request', 'APPPATH\\Views\\Transaksi\\Index.php', 46, [...])
 2 SYSTEMPATH\View\View.php(213): include('APPPATH\\Views\\Transaksi\\Index.php')
 3 SYSTEMPATH\View\View.php(216): CodeIgniter\View\View->CodeIgniter\View\{closure}()
 4 SYSTEMPATH\Common.php(1134): CodeIgniter\View\View->render('Transaksi/Index', [], true)
 5 APPPATH\Controllers\Transaksi\TransaksiController.php(26): view('Transaksi/Index', [...])
 6 SYSTEMPATH\CodeIgniter.php(927): App\Controllers\Transaksi\TransaksiController->index()
 7 SYSTEMPATH\CodeIgniter.php(482): CodeIgniter\CodeIgniter->runController(Object(App\Controllers\Transaksi\TransaksiController))
 8 SYSTEMPATH\CodeIgniter.php(351): CodeIgniter\CodeIgniter->handleRequest(null, Object(Config\Cache), false)
 9 FCPATH\index.php(67): CodeIgniter\CodeIgniter->run()
10 SYSTEMPATH\Commands\Server\rewrite.php(46): require_once('FCPATH\\index.php')
CRITICAL - 2022-12-18 00:39:37 --> Undefined variable: request
in APPPATH\Views\Transaksi\Index.php on line 46.
 1 APPPATH\Views\Transaksi\Index.php(46): CodeIgniter\Debug\Exceptions->errorHandler(8, 'Undefined variable: request', 'APPPATH\\Views\\Transaksi\\Index.php', 46, [...])
 2 SYSTEMPATH\View\View.php(213): include('APPPATH\\Views\\Transaksi\\Index.php')
 3 SYSTEMPATH\View\View.php(216): CodeIgniter\View\View->CodeIgniter\View\{closure}()
 4 SYSTEMPATH\Common.php(1134): CodeIgniter\View\View->render('Transaksi/Index', [], true)
 5 APPPATH\Controllers\Transaksi\TransaksiController.php(26): view('Transaksi/Index', [...])
 6 SYSTEMPATH\CodeIgniter.php(927): App\Controllers\Transaksi\TransaksiController->index()
 7 SYSTEMPATH\CodeIgniter.php(482): CodeIgniter\CodeIgniter->runController(Object(App\Controllers\Transaksi\TransaksiController))
 8 SYSTEMPATH\CodeIgniter.php(351): CodeIgniter\CodeIgniter->handleRequest(null, Object(Config\Cache), false)
 9 FCPATH\index.php(67): CodeIgniter\CodeIgniter->run()
10 SYSTEMPATH\Commands\Server\rewrite.php(46): require_once('FCPATH\\index.php')
CRITICAL - 2022-12-18 00:39:44 --> Call to undefined method CodeIgniter\View\View::getPost()
in APPPATH\Views\Transaksi\Index.php on line 46.
 1 SYSTEMPATH\View\View.php(213): include()
 2 SYSTEMPATH\View\View.php(216): CodeIgniter\View\View->CodeIgniter\View\{closure}()
 3 SYSTEMPATH\Common.php(1134): CodeIgniter\View\View->render('Transaksi/Index', [], true)
 4 APPPATH\Controllers\Transaksi\TransaksiController.php(26): view('Transaksi/Index', [...])
 5 SYSTEMPATH\CodeIgniter.php(927): App\Controllers\Transaksi\TransaksiController->index()
 6 SYSTEMPATH\CodeIgniter.php(482): CodeIgniter\CodeIgniter->runController(Object(App\Controllers\Transaksi\TransaksiController))
 7 SYSTEMPATH\CodeIgniter.php(351): CodeIgniter\CodeIgniter->handleRequest(null, Object(Config\Cache), false)
 8 FCPATH\index.php(67): CodeIgniter\CodeIgniter->run()
 9 SYSTEMPATH\Commands\Server\rewrite.php(46): require_once('FCPATH\\index.php')
CRITICAL - 2022-12-18 00:39:50 --> Undefined property: CodeIgniter\View\View::$request
in APPPATH\Views\Transaksi\Index.php on line 46.
 1 APPPATH\Views\Transaksi\Index.php(46): CodeIgniter\Debug\Exceptions->errorHandler(8, 'Undefined property: CodeIgniter\\View\\View::$request', 'APPPATH\\Views\\Transaksi\\Index.php', 46, [...])
 2 SYSTEMPATH\View\View.php(213): include('APPPATH\\Views\\Transaksi\\Index.php')
 3 SYSTEMPATH\View\View.php(216): CodeIgniter\View\View->CodeIgniter\View\{closure}()
 4 SYSTEMPATH\Common.php(1134): CodeIgniter\View\View->render('Transaksi/Index', [], true)
 5 APPPATH\Controllers\Transaksi\TransaksiController.php(26): view('Transaksi/Index', [...])
 6 SYSTEMPATH\CodeIgniter.php(927): App\Controllers\Transaksi\TransaksiController->index()
 7 SYSTEMPATH\CodeIgniter.php(482): CodeIgniter\CodeIgniter->runController(Object(App\Controllers\Transaksi\TransaksiController))
 8 SYSTEMPATH\CodeIgniter.php(351): CodeIgniter\CodeIgniter->handleRequest(null, Object(Config\Cache), false)
 9 FCPATH\index.php(67): CodeIgniter\CodeIgniter->run()
10 SYSTEMPATH\Commands\Server\rewrite.php(46): require_once('FCPATH\\index.php')
CRITICAL - 2022-12-18 00:40:07 --> Undefined index: kode_barang
in APPPATH\Views\Transaksi\Index.php on line 46.
 1 APPPATH\Views\Transaksi\Index.php(46): CodeIgniter\Debug\Exceptions->errorHandler(8, 'Undefined index: kode_barang', 'APPPATH\\Views\\Transaksi\\Index.php', 46, [...])
 2 SYSTEMPATH\View\View.php(213): include('APPPATH\\Views\\Transaksi\\Index.php')
 3 SYSTEMPATH\View\View.php(216): CodeIgniter\View\View->CodeIgniter\View\{closure}()
 4 SYSTEMPATH\Common.php(1134): CodeIgniter\View\View->render('Transaksi/Index', [], true)
 5 APPPATH\Controllers\Transaksi\TransaksiController.php(26): view('Transaksi/Index', [...])
 6 SYSTEMPATH\CodeIgniter.php(927): App\Controllers\Transaksi\TransaksiController->index()
 7 SYSTEMPATH\CodeIgniter.php(482): CodeIgniter\CodeIgniter->runController(Object(App\Controllers\Transaksi\TransaksiController))
 8 SYSTEMPATH\CodeIgniter.php(351): CodeIgniter\CodeIgniter->handleRequest(null, Object(Config\Cache), false)
 9 FCPATH\index.php(67): CodeIgniter\CodeIgniter->run()
10 SYSTEMPATH\Commands\Server\rewrite.php(46): require_once('FCPATH\\index.php')
CRITICAL - 2022-12-18 00:53:24 --> Too few arguments to function App\Controllers\Transaksi\TransaksiController::index(), 0 passed in D:\RYZ-PROJECT\CI4\web-kp\vendor\codeigniter4\framework\system\CodeIgniter.php on line 927 and exactly 1 expected
in APPPATH\Controllers\Transaksi\TransaksiController.php on line 15.
 1 SYSTEMPATH\CodeIgniter.php(927): App\Controllers\Transaksi\TransaksiController->index()
 2 SYSTEMPATH\CodeIgniter.php(482): CodeIgniter\CodeIgniter->runController(Object(App\Controllers\Transaksi\TransaksiController))
 3 SYSTEMPATH\CodeIgniter.php(351): CodeIgniter\CodeIgniter->handleRequest(null, Object(Config\Cache), false)
 4 FCPATH\index.php(67): CodeIgniter\CodeIgniter->run()
 5 SYSTEMPATH\Commands\Server\rewrite.php(46): require_once('FCPATH\\index.php')
CRITICAL - 2022-12-18 00:53:39 --> Too few arguments to function App\Controllers\Transaksi\TransaksiController::index(), 0 passed in D:\RYZ-PROJECT\CI4\web-kp\vendor\codeigniter4\framework\system\CodeIgniter.php on line 927 and exactly 1 expected
in APPPATH\Controllers\Transaksi\TransaksiController.php on line 15.
 1 SYSTEMPATH\CodeIgniter.php(927): App\Controllers\Transaksi\TransaksiController->index()
 2 SYSTEMPATH\CodeIgniter.php(482): CodeIgniter\CodeIgniter->runController(Object(App\Controllers\Transaksi\TransaksiController))
 3 SYSTEMPATH\CodeIgniter.php(351): CodeIgniter\CodeIgniter->handleRequest(null, Object(Config\Cache), false)
 4 FCPATH\index.php(67): CodeIgniter\CodeIgniter->run()
 5 SYSTEMPATH\Commands\Server\rewrite.php(46): require_once('FCPATH\\index.php')
CRITICAL - 2022-12-18 00:53:46 --> Invalid argument supplied for foreach()
in APPPATH\Views\Transaksi\Index.php on line 43.
 1 APPPATH\Views\Transaksi\Index.php(43): CodeIgniter\Debug\Exceptions->errorHandler(2, 'Invalid argument supplied for foreach()', 'APPPATH\\Views\\Transaksi\\Index.php', 43, [...])
 2 SYSTEMPATH\View\View.php(213): include('APPPATH\\Views\\Transaksi\\Index.php')
 3 SYSTEMPATH\View\View.php(216): CodeIgniter\View\View->CodeIgniter\View\{closure}()
 4 SYSTEMPATH\Common.php(1134): CodeIgniter\View\View->render('Transaksi/Index', [], true)
 5 APPPATH\Controllers\Transaksi\TransaksiController.php(27): view('Transaksi/Index', [...])
 6 SYSTEMPATH\CodeIgniter.php(927): App\Controllers\Transaksi\TransaksiController->index()
 7 SYSTEMPATH\CodeIgniter.php(482): CodeIgniter\CodeIgniter->runController(Object(App\Controllers\Transaksi\TransaksiController))
 8 SYSTEMPATH\CodeIgniter.php(351): CodeIgniter\CodeIgniter->handleRequest(null, Object(Config\Cache), false)
 9 FCPATH\index.php(67): CodeIgniter\CodeIgniter->run()
10 SYSTEMPATH\Commands\Server\rewrite.php(46): require_once('FCPATH\\index.php')
CRITICAL - 2022-12-18 00:55:39 --> Undefined variable: barang2
in APPPATH\Views\Transaksi\Index.php on line 43.
 1 APPPATH\Views\Transaksi\Index.php(43): CodeIgniter\Debug\Exceptions->errorHandler(8, 'Undefined variable: barang2', 'APPPATH\\Views\\Transaksi\\Index.php', 43, [...])
 2 SYSTEMPATH\View\View.php(213): include('APPPATH\\Views\\Transaksi\\Index.php')
 3 SYSTEMPATH\View\View.php(216): CodeIgniter\View\View->CodeIgniter\View\{closure}()
 4 SYSTEMPATH\Common.php(1134): CodeIgniter\View\View->render('Transaksi/Index', [], true)
 5 APPPATH\Controllers\Transaksi\TransaksiController.php(26): view('Transaksi/Index', [...])
 6 SYSTEMPATH\CodeIgniter.php(927): App\Controllers\Transaksi\TransaksiController->index()
 7 SYSTEMPATH\CodeIgniter.php(482): CodeIgniter\CodeIgniter->runController(Object(App\Controllers\Transaksi\TransaksiController))
 8 SYSTEMPATH\CodeIgniter.php(351): CodeIgniter\CodeIgniter->handleRequest(null, Object(Config\Cache), false)
 9 FCPATH\index.php(67): CodeIgniter\CodeIgniter->run()
10 SYSTEMPATH\Commands\Server\rewrite.php(46): require_once('FCPATH\\index.php')
CRITICAL - 2022-12-18 01:45:27 --> Undefined variable: aktif32
in APPPATH\Views\Layout\PageLayout.php on line 99.
 1 APPPATH\Views\Layout\PageLayout.php(99): CodeIgniter\Debug\Exceptions->errorHandler(8, 'Undefined variable: aktif32', 'APPPATH\\Views\\Layout\\PageLayout.php', 99, [...])
 2 SYSTEMPATH\View\View.php(213): include('APPPATH\\Views\\Layout\\PageLayout.php')
 3 SYSTEMPATH\View\View.php(216): CodeIgniter\View\View->CodeIgniter\View\{closure}()
 4 SYSTEMPATH\View\View.php(229): CodeIgniter\View\View->render('Layout/PageLayout', [], true)
 5 SYSTEMPATH\Common.php(1134): CodeIgniter\View\View->render('Barang/Read-Barang', [], true)
 6 APPPATH\Controllers\Barang\BarangController.php(39): view('Barang/Read-Barang', [...])
 7 SYSTEMPATH\CodeIgniter.php(927): App\Controllers\Barang\BarangController->read()
 8 SYSTEMPATH\CodeIgniter.php(482): CodeIgniter\CodeIgniter->runController(Object(App\Controllers\Barang\BarangController))
 9 SYSTEMPATH\CodeIgniter.php(351): CodeIgniter\CodeIgniter->handleRequest(null, Object(Config\Cache), false)
10 FCPATH\index.php(67): CodeIgniter\CodeIgniter->run()
11 SYSTEMPATH\Commands\Server\rewrite.php(46): require_once('FCPATH\\index.php')
CRITICAL - 2022-12-18 01:46:12 --> Undefined property: App\Controllers\Barang\BarangController::$dataBsarang
in APPPATH\Controllers\Barang\BarangController.php on line 33.
 1 APPPATH\Controllers\Barang\BarangController.php(33): CodeIgniter\Debug\Exceptions->errorHandler(8, 'Undefined property: App\\Controllers\\Barang\\BarangController::$dataBsarang', 'APPPATH\\Controllers\\Barang\\BarangController.php', 33, [])
 2 SYSTEMPATH\CodeIgniter.php(927): App\Controllers\Barang\BarangController->read()
 3 SYSTEMPATH\CodeIgniter.php(482): CodeIgniter\CodeIgniter->runController(Object(App\Controllers\Barang\BarangController))
 4 SYSTEMPATH\CodeIgniter.php(351): CodeIgniter\CodeIgniter->handleRequest(null, Object(Config\Cache), false)
 5 FCPATH\index.php(67): CodeIgniter\CodeIgniter->run()
 6 SYSTEMPATH\Commands\Server\rewrite.php(46): require_once('FCPATH\\index.php')
CRITICAL - 2022-12-18 01:46:26 --> Call to undefined method App\Models\BarangModel::fsindAll
in SYSTEMPATH\Model.php on line 774.
 1 APPPATH\Controllers\Barang\BarangController.php(33): CodeIgniter\Model->__call('fsindAll', [])
 2 SYSTEMPATH\CodeIgniter.php(927): App\Controllers\Barang\BarangController->read()
 3 SYSTEMPATH\CodeIgniter.php(482): CodeIgniter\CodeIgniter->runController(Object(App\Controllers\Barang\BarangController))
 4 SYSTEMPATH\CodeIgniter.php(351): CodeIgniter\CodeIgniter->handleRequest(null, Object(Config\Cache), false)
 5 FCPATH\index.php(67): CodeIgniter\CodeIgniter->run()
 6 SYSTEMPATH\Commands\Server\rewrite.php(46): require_once('FCPATH\\index.php')
CRITICAL - 2022-12-18 22:07:28 --> Undefined variable: barang
in APPPATH\Views\Barang\Barang-Keluar.php on line 32.
 1 APPPATH\Views\Barang\Barang-Keluar.php(32): CodeIgniter\Debug\Exceptions->errorHandler(8, 'Undefined variable: barang', 'APPPATH\\Views\\Barang\\Barang-Keluar.php', 32, [])
 2 SYSTEMPATH\View\View.php(213): include('APPPATH\\Views\\Barang\\Barang-Keluar.php')
 3 SYSTEMPATH\View\View.php(216): CodeIgniter\View\View->CodeIgniter\View\{closure}()
 4 SYSTEMPATH\Common.php(1134): CodeIgniter\View\View->render('Barang/Barang-Keluar', [], true)
 5 APPPATH\Controllers\Barang\BarangController.php(164): view('Barang/Barang-Keluar')
 6 SYSTEMPATH\CodeIgniter.php(927): App\Controllers\Barang\BarangController->keluar()
 7 SYSTEMPATH\CodeIgniter.php(482): CodeIgniter\CodeIgniter->runController(Object(App\Controllers\Barang\BarangController))
 8 SYSTEMPATH\CodeIgniter.php(351): CodeIgniter\CodeIgniter->handleRequest(null, Object(Config\Cache), false)
 9 FCPATH\index.php(67): CodeIgniter\CodeIgniter->run()
10 SYSTEMPATH\Commands\Server\rewrite.php(46): require_once('FCPATH\\index.php')
CRITICAL - 2022-12-18 22:08:07 --> Undefined variable: kd_barang
in APPPATH\Views\Barang\Barang-Keluar.php on line 43.
 1 APPPATH\Views\Barang\Barang-Keluar.php(43): CodeIgniter\Debug\Exceptions->errorHandler(8, 'Undefined variable: kd_barang', 'APPPATH\\Views\\Barang\\Barang-Keluar.php', 43, [...])
 2 SYSTEMPATH\View\View.php(213): include('APPPATH\\Views\\Barang\\Barang-Keluar.php')
 3 SYSTEMPATH\View\View.php(216): CodeIgniter\View\View->CodeIgniter\View\{closure}()
 4 SYSTEMPATH\Common.php(1134): CodeIgniter\View\View->render('Barang/Barang-Keluar', [], true)
 5 APPPATH\Controllers\Barang\BarangController.php(164): view('Barang/Barang-Keluar', [...])
 6 SYSTEMPATH\CodeIgniter.php(927): App\Controllers\Barang\BarangController->keluar()
 7 SYSTEMPATH\CodeIgniter.php(482): CodeIgniter\CodeIgniter->runController(Object(App\Controllers\Barang\BarangController))
 8 SYSTEMPATH\CodeIgniter.php(351): CodeIgniter\CodeIgniter->handleRequest(null, Object(Config\Cache), false)
 9 FCPATH\index.php(67): CodeIgniter\CodeIgniter->run()
10 SYSTEMPATH\Commands\Server\rewrite.php(46): require_once('FCPATH\\index.php')
CRITICAL - 2022-12-18 22:10:57 --> Undefined index: nama
in APPPATH\Views\Barang\Barang-Keluar.php on line 43.
 1 APPPATH\Views\Barang\Barang-Keluar.php(43): CodeIgniter\Debug\Exceptions->errorHandler(8, 'Undefined index: nama', 'APPPATH\\Views\\Barang\\Barang-Keluar.php', 43, [...])
 2 SYSTEMPATH\View\View.php(213): include('APPPATH\\Views\\Barang\\Barang-Keluar.php')
 3 SYSTEMPATH\View\View.php(216): CodeIgniter\View\View->CodeIgniter\View\{closure}()
 4 SYSTEMPATH\Common.php(1134): CodeIgniter\View\View->render('Barang/Barang-Keluar', [], true)
 5 APPPATH\Controllers\Barang\BarangController.php(164): view('Barang/Barang-Keluar', [...])
 6 SYSTEMPATH\CodeIgniter.php(927): App\Controllers\Barang\BarangController->keluar()
 7 SYSTEMPATH\CodeIgniter.php(482): CodeIgniter\CodeIgniter->runController(Object(App\Controllers\Barang\BarangController))
 8 SYSTEMPATH\CodeIgniter.php(351): CodeIgniter\CodeIgniter->handleRequest(null, Object(Config\Cache), false)
 9 FCPATH\index.php(67): CodeIgniter\CodeIgniter->run()
10 SYSTEMPATH\Commands\Server\rewrite.php(46): require_once('FCPATH\\index.php')
CRITICAL - 2022-12-18 22:40:35 --> Too few arguments to function App\Controllers\Barang\BarangController::getID(), 0 passed in D:\RYZ-PROJECT\CI4\web-kp\vendor\codeigniter4\framework\system\CodeIgniter.php on line 927 and exactly 1 expected
in APPPATH\Controllers\Barang\BarangController.php on line 154.
 1 SYSTEMPATH\CodeIgniter.php(927): App\Controllers\Barang\BarangController->getID()
 2 SYSTEMPATH\CodeIgniter.php(482): CodeIgniter\CodeIgniter->runController(Object(App\Controllers\Barang\BarangController))
 3 SYSTEMPATH\CodeIgniter.php(351): CodeIgniter\CodeIgniter->handleRequest(null, Object(Config\Cache), false)
 4 FCPATH\index.php(67): CodeIgniter\CodeIgniter->run()
 5 SYSTEMPATH\Commands\Server\rewrite.php(46): require_once('FCPATH\\index.php')
CRITICAL - 2022-12-18 22:42:55 --> Too few arguments to function App\Controllers\Barang\BarangController::getID(), 0 passed in D:\RYZ-PROJECT\CI4\web-kp\vendor\codeigniter4\framework\system\CodeIgniter.php on line 927 and exactly 1 expected
in APPPATH\Controllers\Barang\BarangController.php on line 154.
 1 SYSTEMPATH\CodeIgniter.php(927): App\Controllers\Barang\BarangController->getID()
 2 SYSTEMPATH\CodeIgniter.php(482): CodeIgniter\CodeIgniter->runController(Object(App\Controllers\Barang\BarangController))
 3 SYSTEMPATH\CodeIgniter.php(351): CodeIgniter\CodeIgniter->handleRequest(null, Object(Config\Cache), false)
 4 FCPATH\index.php(67): CodeIgniter\CodeIgniter->run()
 5 SYSTEMPATH\Commands\Server\rewrite.php(46): require_once('FCPATH\\index.php')
CRITICAL - 2022-12-18 22:43:09 --> Too few arguments to function App\Controllers\Barang\BarangController::getID(), 0 passed in D:\RYZ-PROJECT\CI4\web-kp\vendor\codeigniter4\framework\system\CodeIgniter.php on line 927 and exactly 1 expected
in APPPATH\Controllers\Barang\BarangController.php on line 154.
 1 SYSTEMPATH\CodeIgniter.php(927): App\Controllers\Barang\BarangController->getID()
 2 SYSTEMPATH\CodeIgniter.php(482): CodeIgniter\CodeIgniter->runController(Object(App\Controllers\Barang\BarangController))
 3 SYSTEMPATH\CodeIgniter.php(351): CodeIgniter\CodeIgniter->handleRequest(null, Object(Config\Cache), false)
 4 FCPATH\index.php(67): CodeIgniter\CodeIgniter->run()
 5 SYSTEMPATH\Commands\Server\rewrite.php(46): require_once('FCPATH\\index.php')
