CRITICAL - 2022-12-06 03:34:35 --> Call to undefined method CodeIgniter\Session\Session::userdata()
in APPPATH\Views\Layout\PageLayout.php on line 74.
 1 SYSTEMPATH\View\View.php(213): include()
 2 SYSTEMPATH\View\View.php(216): CodeIgniter\View\View->CodeIgniter\View\{closure}()
 3 SYSTEMPATH\View\View.php(229): CodeIgniter\View\View->render('Layout/PageLayout', [], true)
 4 SYSTEMPATH\Common.php(1134): CodeIgniter\View\View->render('Index', [], true)
 5 APPPATH\Controllers\Barang\BarangController.php(24): view('Index', [...])
 6 SYSTEMPATH\CodeIgniter.php(927): App\Controllers\Barang\BarangController->index()
 7 SYSTEMPATH\CodeIgniter.php(482): CodeIgniter\CodeIgniter->runController(Object(App\Controllers\Barang\BarangController))
 8 SYSTEMPATH\CodeIgniter.php(351): CodeIgniter\CodeIgniter->handleRequest(null, Object(Config\Cache), false)
 9 FCPATH\index.php(67): CodeIgniter\CodeIgniter->run()
10 SYSTEMPATH\Commands\Server\rewrite.php(46): require_once('FCPATH\\index.php')
CRITICAL - 2022-12-06 03:48:15 --> Undefined property: CodeIgniter\View\View::$barang
in APPPATH\Views\Index.php on line 36.
 1 APPPATH\Views\Index.php(36): CodeIgniter\Debug\Exceptions->errorHandler(8, 'Undefined property: CodeIgniter\\View\\View::$barang', 'APPPATH\\Views\\Index.php', 36, [...])
 2 SYSTEMPATH\View\View.php(213): include('APPPATH\\Views\\Index.php')
 3 SYSTEMPATH\View\View.php(216): CodeIgniter\View\View->CodeIgniter\View\{closure}()
 4 SYSTEMPATH\Common.php(1134): CodeIgniter\View\View->render('Index', [], true)
 5 APPPATH\Controllers\Barang\BarangController.php(24): view('Index', [...])
 6 SYSTEMPATH\CodeIgniter.php(927): App\Controllers\Barang\BarangController->index()
 7 SYSTEMPATH\CodeIgniter.php(482): CodeIgniter\CodeIgniter->runController(Object(App\Controllers\Barang\BarangController))
 8 SYSTEMPATH\CodeIgniter.php(351): CodeIgniter\CodeIgniter->handleRequest(null, Object(Config\Cache), false)
 9 FCPATH\index.php(67): CodeIgniter\CodeIgniter->run()
10 SYSTEMPATH\Commands\Server\rewrite.php(46): require_once('FCPATH\\index.php')
CRITICAL - 2022-12-06 03:51:43 --> Undefined property: CodeIgniter\View\View::$db
in APPPATH\Views\Index.php on line 36.
 1 APPPATH\Views\Index.php(36): CodeIgniter\Debug\Exceptions->errorHandler(8, 'Undefined property: CodeIgniter\\View\\View::$db', 'APPPATH\\Views\\Index.php', 36, [...])
 2 SYSTEMPATH\View\View.php(213): include('APPPATH\\Views\\Index.php')
 3 SYSTEMPATH\View\View.php(216): CodeIgniter\View\View->CodeIgniter\View\{closure}()
 4 SYSTEMPATH\Common.php(1134): CodeIgniter\View\View->render('Index', [], true)
 5 APPPATH\Controllers\Barang\BarangController.php(24): view('Index', [...])
 6 SYSTEMPATH\CodeIgniter.php(927): App\Controllers\Barang\BarangController->index()
 7 SYSTEMPATH\CodeIgniter.php(482): CodeIgniter\CodeIgniter->runController(Object(App\Controllers\Barang\BarangController))
 8 SYSTEMPATH\CodeIgniter.php(351): CodeIgniter\CodeIgniter->handleRequest(null, Object(Config\Cache), false)
 9 FCPATH\index.php(67): CodeIgniter\CodeIgniter->run()
10 SYSTEMPATH\Commands\Server\rewrite.php(46): require_once('FCPATH\\index.php')
CRITICAL - 2022-12-06 03:55:08 --> Call to undefined method App\Models\BarangModel::num_rows
in SYSTEMPATH\Model.php on line 774.
 1 APPPATH\Controllers\Barang\BarangController.php(19): CodeIgniter\Model->__call('num_rows', [])
 2 SYSTEMPATH\CodeIgniter.php(927): App\Controllers\Barang\BarangController->index()
 3 SYSTEMPATH\CodeIgniter.php(482): CodeIgniter\CodeIgniter->runController(Object(App\Controllers\Barang\BarangController))
 4 SYSTEMPATH\CodeIgniter.php(351): CodeIgniter\CodeIgniter->handleRequest(null, Object(Config\Cache), false)
 5 FCPATH\index.php(67): CodeIgniter\CodeIgniter->run()
 6 SYSTEMPATH\Commands\Server\rewrite.php(46): require_once('FCPATH\\index.php')
