CRITICAL - 2022-11-13 08:38:35 --> Call to undefined method App\Models\UserModel::get_data
in SYSTEMPATH\Model.php on line 774.
 1 APPPATH\Controllers\Admin\AdminController.php(21): CodeIgniter\Model->__call('get_data', [...])
 2 SYSTEMPATH\CodeIgniter.php(927): App\Controllers\Admin\AdminController->login()
 3 SYSTEMPATH\CodeIgniter.php(482): CodeIgniter\CodeIgniter->runController(Object(App\Controllers\Admin\AdminController))
 4 SYSTEMPATH\CodeIgniter.php(351): CodeIgniter\CodeIgniter->handleRequest(null, Object(Config\Cache), false)
 5 FCPATH\index.php(67): CodeIgniter\CodeIgniter->run()
 6 SYSTEMPATH\Commands\Server\rewrite.php(46): require_once('FCPATH\\index.php')
CRITICAL - 2022-11-13 08:40:35 --> Undefined index: user_username
in APPPATH\Controllers\Admin\AdminController.php on line 23.
 1 APPPATH\Controllers\Admin\AdminController.php(23): CodeIgniter\Debug\Exceptions->errorHandler(8, 'Undefined index: user_username', 'APPPATH\\Controllers\\Admin\\AdminController.php', 23, [...])
 2 SYSTEMPATH\CodeIgniter.php(927): App\Controllers\Admin\AdminController->login()
 3 SYSTEMPATH\CodeIgniter.php(482): CodeIgniter\CodeIgniter->runController(Object(App\Controllers\Admin\AdminController))
 4 SYSTEMPATH\CodeIgniter.php(351): CodeIgniter\CodeIgniter->handleRequest(null, Object(Config\Cache), false)
 5 FCPATH\index.php(67): CodeIgniter\CodeIgniter->run()
 6 SYSTEMPATH\Commands\Server\rewrite.php(46): require_once('FCPATH\\index.php')
CRITICAL - 2022-11-13 08:44:53 --> syntax error, unexpected '/'
in APPPATH\Views\Layout\PageLayout.php on line 49.
 1 SYSTEMPATH\View\View.php(216): CodeIgniter\View\View->CodeIgniter\View\{closure}()
 2 SYSTEMPATH\View\View.php(229): CodeIgniter\View\View->render('Layout/PageLayout', [], true)
 3 SYSTEMPATH\Common.php(1134): CodeIgniter\View\View->render('Index', [], true)
 4 APPPATH\Controllers\Barang\BarangController.php(23): view('Index', [...])
 5 SYSTEMPATH\CodeIgniter.php(927): App\Controllers\Barang\BarangController->index()
 6 SYSTEMPATH\CodeIgniter.php(482): CodeIgniter\CodeIgniter->runController(Object(App\Controllers\Barang\BarangController))
 7 SYSTEMPATH\CodeIgniter.php(351): CodeIgniter\CodeIgniter->handleRequest(null, Object(Config\Cache), false)
 8 FCPATH\index.php(67): CodeIgniter\CodeIgniter->run()
 9 SYSTEMPATH\Commands\Server\rewrite.php(46): require_once('FCPATH\\index.php')
